2023-05-17 09:54:47,860 [lib.cuckoo.core.resultserver] DEBUG: Task #61: live log analysis.log initialized
2023-05-17 09:54:51,165 [lib.cuckoo.core.resultserver] DEBUG: Task #61: Trying to upload file aux/DigiSig.json
2023-05-17 09:54:51,166 [lib.cuckoo.core.resultserver] DEBUG: Task #61: Uploaded file aux/DigiSig.json of length: 116
2023-05-17 09:54:52,594 [lib.cuckoo.core.resultserver] DEBUG: Task #61: Trying to upload file shots/0001.jpg
2023-05-17 09:54:52,603 [lib.cuckoo.core.resultserver] DEBUG: Task #61: Uploaded file shots/0001.jpg of length: 103963
2023-05-17 09:54:54,783 [lib.cuckoo.core.resultserver] DEBUG: Task #61: Trying to upload file shots/0002.jpg
2023-05-17 09:54:54,799 [lib.cuckoo.core.resultserver] DEBUG: Task #61: Uploaded file shots/0002.jpg of length: 106066
2023-05-17 09:54:54,973 [lib.cuckoo.core.resultserver] DEBUG: Task #61: Trying to upload file aux/usage.log
2023-05-17 09:54:54,973 [lib.cuckoo.core.resultserver] DEBUG: Task #61: Uploaded file aux/usage.log of length: 0
2023-05-17 09:54:55,927 [lib.cuckoo.core.resultserver] DEBUG: Task #61: Trying to upload file shots/0003.jpg
2023-05-17 09:54:55,934 [lib.cuckoo.core.resultserver] DEBUG: Task #61: Uploaded file shots/0003.jpg of length: 96853
2023-05-17 09:54:57,000 [lib.cuckoo.core.resultserver] DEBUG: Task #61: Trying to upload file shots/0004.jpg
2023-05-17 09:54:57,012 [lib.cuckoo.core.resultserver] DEBUG: Task #61: Uploaded file shots/0004.jpg of length: 96719
2023-05-17 09:54:58,094 [lib.cuckoo.core.resultserver] DEBUG: Task #61: Trying to upload file shots/0005.jpg
2023-05-17 09:54:58,101 [lib.cuckoo.core.resultserver] DEBUG: Task #61: Uploaded file shots/0005.jpg of length: 92600
2023-05-17 09:54:59,188 [lib.cuckoo.core.resultserver] DEBUG: Task #61: Trying to upload file shots/0006.jpg
2023-05-17 09:54:59,198 [lib.cuckoo.core.resultserver] DEBUG: Task #61: Uploaded file shots/0006.jpg of length: 92857
2023-05-17 09:55:00,359 [lib.cuckoo.core.resultserver] DEBUG: Task #61: Trying to upload file shots/0007.jpg
2023-05-17 09:55:00,365 [lib.cuckoo.core.resultserver] DEBUG: Task #61: Uploaded file shots/0007.jpg of length: 89585
2023-05-17 09:55:01,500 [lib.cuckoo.core.resultserver] DEBUG: Task #61: Trying to upload file shots/0008.jpg
2023-05-17 09:55:01,506 [lib.cuckoo.core.resultserver] DEBUG: Task #61: Uploaded file shots/0008.jpg of length: 90378
2023-05-17 09:55:02,656 [lib.cuckoo.core.resultserver] DEBUG: Task #61: Trying to upload file shots/0009.jpg
2023-05-17 09:55:02,674 [lib.cuckoo.core.resultserver] DEBUG: Task #61: Uploaded file shots/0009.jpg of length: 87734
2023-05-17 09:55:05,192 [lib.cuckoo.core.resultserver] DEBUG: Task #61: Trying to upload file shots/0010.jpg
2023-05-17 09:55:05,292 [lib.cuckoo.core.resultserver] DEBUG: Task #61: Uploaded file shots/0010.jpg of length: 101337
2023-05-17 09:55:06,656 [lib.cuckoo.core.resultserver] DEBUG: Task #61: Trying to upload file shots/0011.jpg
2023-05-17 09:55:06,661 [lib.cuckoo.core.resultserver] DEBUG: Task #61: Uploaded file shots/0011.jpg of length: 105294
2023-05-17 09:55:07,766 [lib.cuckoo.core.resultserver] DEBUG: Task #61: Trying to upload file shots/0012.jpg
2023-05-17 09:55:07,771 [lib.cuckoo.core.resultserver] DEBUG: Task #61: Uploaded file shots/0012.jpg of length: 102611
2023-05-17 09:55:16,792 [lib.cuckoo.core.resultserver] DEBUG: Task #61: Trying to upload file shots/0013.jpg
2023-05-17 09:55:16,814 [lib.cuckoo.core.resultserver] DEBUG: Task #61: Uploaded file shots/0013.jpg of length: 104141
2023-05-17 09:55:17,953 [lib.cuckoo.core.resultserver] DEBUG: Task #61: Trying to upload file shots/0014.jpg
2023-05-17 09:55:17,961 [lib.cuckoo.core.resultserver] DEBUG: Task #61: Uploaded file shots/0014.jpg of length: 102611
2023-05-17 09:55:19,062 [lib.cuckoo.core.resultserver] DEBUG: Task #61: Trying to upload file shots/0015.jpg
2023-05-17 09:55:19,070 [lib.cuckoo.core.resultserver] DEBUG: Task #61: Uploaded file shots/0015.jpg of length: 104141
2023-05-17 09:55:20,163 [lib.cuckoo.core.resultserver] DEBUG: Task #61: Trying to upload file shots/0016.jpg
2023-05-17 09:55:20,202 [lib.cuckoo.core.resultserver] DEBUG: Task #61: Uploaded file shots/0016.jpg of length: 102767
2023-05-17 09:55:24,957 [lib.cuckoo.core.resultserver] DEBUG: Task #61: Trying to upload file shots/0017.jpg
2023-05-17 09:55:24,965 [lib.cuckoo.core.resultserver] DEBUG: Task #61: Uploaded file shots/0017.jpg of length: 104158
2023-05-17 09:55:27,234 [lib.cuckoo.core.resultserver] DEBUG: Task #61: Trying to upload file shots/0018.jpg
2023-05-17 09:55:27,244 [lib.cuckoo.core.resultserver] DEBUG: Task #61: Uploaded file shots/0018.jpg of length: 102611
2023-05-17 09:55:28,531 [lib.cuckoo.core.resultserver] DEBUG: Task #61: Trying to upload file shots/0019.jpg
2023-05-17 09:55:28,536 [lib.cuckoo.core.resultserver] DEBUG: Task #61: Uploaded file shots/0019.jpg of length: 104350
2023-05-17 09:55:36,641 [lib.cuckoo.core.resultserver] DEBUG: Task #61: Trying to upload file shots/0020.jpg
2023-05-17 09:55:36,652 [lib.cuckoo.core.resultserver] DEBUG: Task #61: Uploaded file shots/0020.jpg of length: 105957
2023-05-17 09:55:37,777 [lib.cuckoo.core.resultserver] DEBUG: Task #61: Trying to upload file shots/0021.jpg
2023-05-17 09:55:37,823 [lib.cuckoo.core.resultserver] DEBUG: Task #61: Uploaded file shots/0021.jpg of length: 104350
2023-05-17 09:55:43,266 [lib.cuckoo.core.resultserver] DEBUG: Task #61: Trying to upload file shots/0022.jpg
2023-05-17 09:55:43,273 [lib.cuckoo.core.resultserver] DEBUG: Task #61: Uploaded file shots/0022.jpg of length: 104640
2023-05-17 09:55:44,375 [lib.cuckoo.core.resultserver] DEBUG: Task #61: Trying to upload file shots/0023.jpg
2023-05-17 09:55:44,384 [lib.cuckoo.core.resultserver] DEBUG: Task #61: Uploaded file shots/0023.jpg of length: 105940
2023-05-17 09:55:45,500 [lib.cuckoo.core.resultserver] DEBUG: Task #61: Trying to upload file shots/0024.jpg
2023-05-17 09:55:45,537 [lib.cuckoo.core.resultserver] DEBUG: Task #61: Uploaded file shots/0024.jpg of length: 104350
2023-05-17 09:55:51,062 [lib.cuckoo.core.resultserver] DEBUG: Task #61: Trying to upload file shots/0025.jpg
2023-05-17 09:55:51,074 [lib.cuckoo.core.resultserver] DEBUG: Task #61: Uploaded file shots/0025.jpg of length: 105957
2023-05-17 09:55:52,156 [lib.cuckoo.core.resultserver] DEBUG: Task #61: Trying to upload file shots/0026.jpg
2023-05-17 09:55:52,163 [lib.cuckoo.core.resultserver] DEBUG: Task #61: Uploaded file shots/0026.jpg of length: 104350
2023-05-17 09:55:53,234 [lib.cuckoo.core.resultserver] DEBUG: Task #61: Trying to upload file shots/0027.jpg
2023-05-17 09:55:53,251 [lib.cuckoo.core.resultserver] DEBUG: Task #61: Uploaded file shots/0027.jpg of length: 104640
2023-05-17 09:55:55,469 [lib.cuckoo.core.resultserver] DEBUG: Task #61: Trying to upload file shots/0028.jpg
2023-05-17 09:55:55,474 [lib.cuckoo.core.resultserver] DEBUG: Task #61: Uploaded file shots/0028.jpg of length: 104350
2023-05-17 09:56:04,313 [lib.cuckoo.core.resultserver] DEBUG: Task #61: Trying to upload file shots/0029.jpg
2023-05-17 09:56:04,317 [lib.cuckoo.core.resultserver] DEBUG: Task #61: Uploaded file shots/0029.jpg of length: 105941
2023-05-17 09:56:06,516 [lib.cuckoo.core.resultserver] DEBUG: Task #61: Trying to upload file shots/0030.jpg
2023-05-17 09:56:06,521 [lib.cuckoo.core.resultserver] DEBUG: Task #61: Uploaded file shots/0030.jpg of length: 104351
2023-05-17 09:56:07,828 [lib.cuckoo.core.resultserver] DEBUG: Task #61: Trying to upload file shots/0031.jpg
2023-05-17 09:56:07,833 [lib.cuckoo.core.resultserver] DEBUG: Task #61: Uploaded file shots/0031.jpg of length: 104646
2023-05-17 09:56:10,098 [lib.cuckoo.core.resultserver] DEBUG: Task #61: Trying to upload file shots/0032.jpg
2023-05-17 09:56:10,105 [lib.cuckoo.core.resultserver] DEBUG: Task #61: Uploaded file shots/0032.jpg of length: 104351
2023-05-17 09:56:17,985 [lib.cuckoo.core.resultserver] DEBUG: Task #61: Trying to upload file shots/0033.jpg
2023-05-17 09:56:17,990 [lib.cuckoo.core.resultserver] DEBUG: Task #61: Uploaded file shots/0033.jpg of length: 104646
2023-05-17 09:56:19,160 [lib.cuckoo.core.resultserver] DEBUG: Task #61: Trying to upload file shots/0034.jpg
2023-05-17 09:56:19,166 [lib.cuckoo.core.resultserver] DEBUG: Task #61: Uploaded file shots/0034.jpg of length: 104351
2023-05-17 09:56:28,009 [lib.cuckoo.core.resultserver] DEBUG: Task #61: Trying to upload file shots/0035.jpg
2023-05-17 09:56:28,058 [lib.cuckoo.core.resultserver] DEBUG: Task #61: Uploaded file shots/0035.jpg of length: 105958
2023-05-17 09:56:30,219 [lib.cuckoo.core.resultserver] DEBUG: Task #61: Trying to upload file shots/0036.jpg
2023-05-17 09:56:30,226 [lib.cuckoo.core.resultserver] DEBUG: Task #61: Uploaded file shots/0036.jpg of length: 104568
2023-05-17 09:56:31,406 [lib.cuckoo.core.resultserver] DEBUG: Task #61: Trying to upload file shots/0037.jpg
2023-05-17 09:56:31,412 [lib.cuckoo.core.resultserver] DEBUG: Task #61: Uploaded file shots/0037.jpg of length: 104351
2023-05-17 09:56:33,807 [lib.cuckoo.core.resultserver] DEBUG: Task #61: Trying to upload file shots/0038.jpg
2023-05-17 09:56:33,836 [lib.cuckoo.core.resultserver] DEBUG: Task #61: Uploaded file shots/0038.jpg of length: 104646
2023-05-17 09:56:34,953 [lib.cuckoo.core.resultserver] DEBUG: Task #61: Trying to upload file shots/0039.jpg
2023-05-17 09:56:34,959 [lib.cuckoo.core.resultserver] DEBUG: Task #61: Uploaded file shots/0039.jpg of length: 104351
2023-05-17 09:56:44,703 [lib.cuckoo.core.resultserver] DEBUG: Task #61: Trying to upload file shots/0040.jpg
2023-05-17 09:56:44,711 [lib.cuckoo.core.resultserver] DEBUG: Task #61: Uploaded file shots/0040.jpg of length: 104874
2023-05-17 09:56:45,776 [lib.cuckoo.core.resultserver] DEBUG: Task #61: Trying to upload file shots/0041.jpg
2023-05-17 09:56:45,826 [lib.cuckoo.core.resultserver] DEBUG: Task #61: Uploaded file shots/0041.jpg of length: 104578
2023-05-17 09:56:52,547 [lib.cuckoo.core.resultserver] DEBUG: Task #61: Trying to upload file shots/0042.jpg
2023-05-17 09:56:52,557 [lib.cuckoo.core.resultserver] DEBUG: Task #61: Uploaded file shots/0042.jpg of length: 106166
2023-05-17 09:56:55,813 [lib.cuckoo.core.resultserver] DEBUG: Task #61: Trying to upload file shots/0043.jpg
2023-05-17 09:56:55,819 [lib.cuckoo.core.resultserver] DEBUG: Task #61: Uploaded file shots/0043.jpg of length: 104874
2023-05-17 09:56:56,984 [lib.cuckoo.core.resultserver] DEBUG: Task #61: Trying to upload file shots/0044.jpg
2023-05-17 09:56:56,998 [lib.cuckoo.core.resultserver] DEBUG: Task #61: Uploaded file shots/0044.jpg of length: 104578
2023-05-17 09:57:00,252 [lib.cuckoo.core.resultserver] DEBUG: Task #61: Trying to upload file shots/0045.jpg
2023-05-17 09:57:00,256 [lib.cuckoo.core.resultserver] DEBUG: Task #61: Uploaded file shots/0045.jpg of length: 104874
2023-05-17 09:57:01,351 [lib.cuckoo.core.resultserver] DEBUG: Task #61: Trying to upload file shots/0046.jpg
2023-05-17 09:57:01,370 [lib.cuckoo.core.resultserver] DEBUG: Task #61: Uploaded file shots/0046.jpg of length: 104570
2023-05-17 09:57:04,687 [lib.cuckoo.core.resultserver] DEBUG: Task #61: Trying to upload file shots/0047.jpg
2023-05-17 09:57:04,709 [lib.cuckoo.core.resultserver] DEBUG: Task #61: Uploaded file shots/0047.jpg of length: 104870
2023-05-17 09:57:05,812 [lib.cuckoo.core.resultserver] DEBUG: Task #61: Trying to upload file shots/0048.jpg
2023-05-17 09:57:05,821 [lib.cuckoo.core.resultserver] DEBUG: Task #61: Uploaded file shots/0048.jpg of length: 104777
2023-05-17 09:57:06,906 [lib.cuckoo.core.resultserver] DEBUG: Task #61: Trying to upload file shots/0049.jpg
2023-05-17 09:57:06,918 [lib.cuckoo.core.resultserver] DEBUG: Task #61: Uploaded file shots/0049.jpg of length: 104870
2023-05-17 09:57:08,007 [lib.cuckoo.core.resultserver] DEBUG: Task #61: Trying to upload file shots/0050.jpg
2023-05-17 09:57:08,014 [lib.cuckoo.core.resultserver] DEBUG: Task #61: Uploaded file shots/0050.jpg of length: 106182
2023-05-17 09:57:09,234 [lib.cuckoo.core.resultserver] DEBUG: Task #61: Trying to upload file shots/0051.jpg
2023-05-17 09:57:09,253 [lib.cuckoo.core.resultserver] DEBUG: Task #61: Uploaded file shots/0051.jpg of length: 104570
2023-05-17 09:57:10,429 [lib.cuckoo.core.resultserver] DEBUG: Task #61: Trying to upload file shots/0052.jpg
2023-05-17 09:57:10,459 [lib.cuckoo.core.resultserver] DEBUG: Task #61: Uploaded file shots/0052.jpg of length: 104790
2023-05-17 09:57:12,700 [lib.cuckoo.core.resultserver] DEBUG: Task #61: Trying to upload file shots/0053.jpg
2023-05-17 09:57:12,755 [lib.cuckoo.core.resultserver] DEBUG: Task #61: Uploaded file shots/0053.jpg of length: 106165
2023-05-17 09:57:13,875 [lib.cuckoo.core.resultserver] DEBUG: Task #61: Trying to upload file shots/0054.jpg
2023-05-17 09:57:13,895 [lib.cuckoo.core.resultserver] DEBUG: Task #61: Uploaded file shots/0054.jpg of length: 104570
2023-05-17 09:57:38,564 [lib.cuckoo.core.resultserver] DEBUG: Task #61: Trying to upload file shots/0055.jpg
2023-05-17 09:57:38,586 [lib.cuckoo.core.resultserver] DEBUG: Task #61: Uploaded file shots/0055.jpg of length: 104870
2023-05-17 09:57:39,766 [lib.cuckoo.core.resultserver] DEBUG: Task #61: Trying to upload file shots/0056.jpg
2023-05-17 09:57:39,784 [lib.cuckoo.core.resultserver] DEBUG: Task #61: Uploaded file shots/0056.jpg of length: 106165
2023-05-17 09:57:44,531 [lib.cuckoo.core.resultserver] DEBUG: Task #61: Trying to upload file shots/0057.jpg
2023-05-17 09:57:44,540 [lib.cuckoo.core.resultserver] DEBUG: Task #61: Uploaded file shots/0057.jpg of length: 104570
2023-05-17 09:57:45,735 [lib.cuckoo.core.resultserver] DEBUG: Task #61: Trying to upload file shots/0058.jpg
2023-05-17 09:57:45,754 [lib.cuckoo.core.resultserver] DEBUG: Task #61: Uploaded file shots/0058.jpg of length: 106182
2023-05-17 09:57:46,953 [lib.cuckoo.core.resultserver] DEBUG: Task #61: Trying to upload file shots/0059.jpg
2023-05-17 09:57:46,970 [lib.cuckoo.core.resultserver] DEBUG: Task #61: Uploaded file shots/0059.jpg of length: 104570
2023-05-17 09:57:49,344 [lib.cuckoo.core.resultserver] DEBUG: Task #61: Trying to upload file shots/0060.jpg
2023-05-17 09:57:49,350 [lib.cuckoo.core.resultserver] DEBUG: Task #61: Uploaded file shots/0060.jpg of length: 106165
2023-05-17 09:57:51,703 [lib.cuckoo.core.resultserver] DEBUG: Task #61: Trying to upload file shots/0061.jpg
2023-05-17 09:57:51,713 [lib.cuckoo.core.resultserver] DEBUG: Task #61: Uploaded file shots/0061.jpg of length: 104570
2023-05-17 09:58:01,078 [lib.cuckoo.core.resultserver] DEBUG: Task #61: Trying to upload file shots/0062.jpg
2023-05-17 09:58:01,081 [lib.cuckoo.core.resultserver] DEBUG: Task #61: Uploaded file shots/0062.jpg of length: 104789
2023-05-17 09:58:03,391 [lib.cuckoo.core.resultserver] DEBUG: Task #61: Trying to upload file shots/0063.jpg
2023-05-17 09:58:03,399 [lib.cuckoo.core.resultserver] DEBUG: Task #61: Uploaded file shots/0063.jpg of length: 106163
2023-05-17 09:58:04,531 [lib.cuckoo.core.resultserver] DEBUG: Task #61: Trying to upload file shots/0064.jpg
2023-05-17 09:58:04,536 [lib.cuckoo.core.resultserver] DEBUG: Task #61: Uploaded file shots/0064.jpg of length: 104569
2023-05-17 09:58:09,157 [lib.cuckoo.core.resultserver] DEBUG: Task #61: Trying to upload file shots/0065.jpg
2023-05-17 09:58:09,162 [lib.cuckoo.core.resultserver] DEBUG: Task #61: Uploaded file shots/0065.jpg of length: 104876
2023-05-17 09:58:10,331 [lib.cuckoo.core.resultserver] DEBUG: Task #61: Trying to upload file shots/0066.jpg
2023-05-17 09:58:10,336 [lib.cuckoo.core.resultserver] DEBUG: Task #61: Uploaded file shots/0066.jpg of length: 104569
2023-05-17 09:58:16,375 [lib.cuckoo.core.resultserver] DEBUG: Task #61: Trying to upload file shots/0067.jpg
2023-05-17 09:58:16,378 [lib.cuckoo.core.resultserver] DEBUG: Task #61: Uploaded file shots/0067.jpg of length: 106180
2023-05-17 09:58:17,547 [lib.cuckoo.core.resultserver] DEBUG: Task #61: Trying to upload file shots/0068.jpg
2023-05-17 09:58:17,554 [lib.cuckoo.core.resultserver] DEBUG: Task #61: Uploaded file shots/0068.jpg of length: 104955
2023-05-17 09:58:18,734 [lib.cuckoo.core.resultserver] DEBUG: Task #61: Trying to upload file shots/0069.jpg
2023-05-17 09:58:18,740 [lib.cuckoo.core.resultserver] DEBUG: Task #61: Uploaded file shots/0069.jpg of length: 104569
2023-05-17 09:58:21,078 [lib.cuckoo.core.resultserver] DEBUG: Task #61: Trying to upload file shots/0070.jpg
2023-05-17 09:58:21,083 [lib.cuckoo.core.resultserver] DEBUG: Task #61: Uploaded file shots/0070.jpg of length: 106163
2023-05-17 09:58:22,266 [lib.cuckoo.core.resultserver] DEBUG: Task #61: Trying to upload file shots/0071.jpg
2023-05-17 09:58:22,272 [lib.cuckoo.core.resultserver] DEBUG: Task #61: Uploaded file shots/0071.jpg of length: 104569
2023-05-17 09:58:25,905 [lib.cuckoo.core.resultserver] DEBUG: Task #61: Trying to upload file shots/0072.jpg
2023-05-17 09:58:25,913 [lib.cuckoo.core.resultserver] DEBUG: Task #61: Uploaded file shots/0072.jpg of length: 104876
2023-05-17 09:58:27,078 [lib.cuckoo.core.resultserver] DEBUG: Task #61: Trying to upload file shots/0073.jpg
2023-05-17 09:58:27,088 [lib.cuckoo.core.resultserver] DEBUG: Task #61: Uploaded file shots/0073.jpg of length: 103222
2023-05-17 09:58:28,315 [lib.cuckoo.core.resultserver] DEBUG: Task #61: Trying to upload file curtain/1684317508.0485.curtain.log
2023-05-17 09:58:28,400 [lib.cuckoo.core.resultserver] DEBUG: Task #61: Uploaded file curtain/1684317508.0485.curtain.log of length: 36
2023-05-17 09:58:28,422 [lib.cuckoo.core.resultserver] DEBUG: Task #61: Trying to upload file shots/0074.jpg
2023-05-17 09:58:28,430 [lib.cuckoo.core.resultserver] DEBUG: Task #61: Uploaded file shots/0074.jpg of length: 104811
2023-05-17 09:58:28,562 [lib.cuckoo.core.resultserver] DEBUG: Task #61: Trying to upload file tlsdump/tlsdump.log
2023-05-17 09:58:28,606 [lib.cuckoo.core.resultserver] DEBUG: Task #61: Uploaded file tlsdump/tlsdump.log of length: 548
2023-05-17 10:02:35,993 [lib.cuckoo.core.resultserver] DEBUG: Task #61 had connection reset by peer for <Context for None>
2023-05-17 10:02:51,187 [lib.cuckoo.core.resultserver] DEBUG: Task #61 had connection reset by peer for <Context for None>
