2023-05-08 09:07:44,825 [root] INFO: Date set to: 20230517T08:55:01, timeout set to: 200
2023-05-17 08:55:01,234 [root] DEBUG: Starting analyzer from: C:\tmpq8s1d_36
2023-05-17 08:55:01,234 [root] DEBUG: Storing results at: C:\EfHUes
2023-05-17 08:55:01,249 [root] DEBUG: Pipe server name: \\.\PIPE\ykZOgE
2023-05-17 08:55:01,265 [root] DEBUG: Python path: C:\Users\cape\AppData\Local\Programs\Python\Python38-32
2023-05-17 08:55:01,265 [root] INFO: Analysis package "exe" has been specified
2023-05-17 08:55:01,265 [root] DEBUG: Importing analysis package "exe"...
2023-05-17 08:55:01,437 [root] DEBUG: Initializing analysis package "exe"...
2023-05-17 08:55:01,437 [root] DEBUG: New location of moved file: C:\Users\cape\AppData\Local\Temp\minimum_num_browsers.exe
2023-05-17 08:55:01,437 [root] INFO: Analyzer: Package modules.packages.exe does not specify a DLL option
2023-05-17 08:55:01,453 [root] INFO: Analyzer: Package modules.packages.exe does not specify a DLL_64 option
2023-05-17 08:55:01,453 [root] INFO: Analyzer: Package modules.packages.exe does not specify a loader option
2023-05-17 08:55:01,453 [root] INFO: Analyzer: Package modules.packages.exe does not specify a loader_64 option
2023-05-17 08:55:02,609 [root] DEBUG: Importing auxiliary module "modules.auxiliary.browser"...
2023-05-17 08:55:02,625 [root] DEBUG: Importing auxiliary module "modules.auxiliary.curtain"...
2023-05-17 08:55:02,671 [root] DEBUG: Importing auxiliary module "modules.auxiliary.digisig"...
2023-05-17 08:55:02,734 [root] DEBUG: Importing auxiliary module "modules.auxiliary.disguise"...
2023-05-17 08:55:02,781 [root] DEBUG: Importing auxiliary module "modules.auxiliary.during_script"...
2023-05-17 08:55:02,828 [root] DEBUG: Importing auxiliary module "modules.auxiliary.evtx"...
2023-05-17 08:55:02,828 [root] DEBUG: Importing auxiliary module "modules.auxiliary.filepickup"...
2023-05-17 08:55:02,828 [root] DEBUG: Importing auxiliary module "modules.auxiliary.human"...
2023-05-17 08:55:02,890 [root] DEBUG: Importing auxiliary module "modules.auxiliary.permissions"...
2023-05-17 08:55:02,953 [root] DEBUG: Importing auxiliary module "modules.auxiliary.pre_script"...
2023-05-17 08:55:03,046 [root] DEBUG: Importing auxiliary module "modules.auxiliary.procmon"...
2023-05-17 08:55:03,046 [root] DEBUG: Importing auxiliary module "modules.auxiliary.screenshots"...
2023-05-17 08:55:03,062 [lib.api.screenshot] DEBUG: Importing 'PIL.ImageChops'
2023-05-17 08:55:03,312 [lib.api.screenshot] DEBUG: Importing 'PIL.ImageGrab'
2023-05-17 08:55:03,359 [lib.api.screenshot] DEBUG: Importing 'PIL.ImageDraw'
2023-05-17 08:55:03,421 [root] DEBUG: Importing auxiliary module "modules.auxiliary.sysmon"...
2023-05-17 08:55:03,437 [root] DEBUG: Importing auxiliary module "modules.auxiliary.tlsdump"...
2023-05-17 08:55:03,468 [root] DEBUG: Importing auxiliary module "modules.auxiliary.usage"...
2023-05-17 08:55:03,468 [root] DEBUG: Initialized auxiliary module "Browser"
2023-05-17 08:55:03,468 [root] DEBUG: Trying to start auxiliary module "Browser"...
2023-05-17 08:55:03,468 [root] DEBUG: Started auxiliary module "Browser"
2023-05-17 08:55:03,484 [root] DEBUG: Started auxiliary module Browser
2023-05-17 08:55:03,484 [root] DEBUG: Initialized auxiliary module "Curtain"
2023-05-17 08:55:03,484 [root] DEBUG: Trying to start auxiliary module "Curtain"...
2023-05-17 08:55:03,500 [root] DEBUG: Started auxiliary module "Curtain"
2023-05-17 08:55:03,500 [root] DEBUG: Started auxiliary module Curtain
2023-05-17 08:55:03,500 [root] DEBUG: Initialized auxiliary module "DigiSig"
2023-05-17 08:55:03,500 [root] DEBUG: Trying to start auxiliary module "DigiSig"...
2023-05-17 08:55:03,500 [modules.auxiliary.digisig] DEBUG: Checking for a digital signature
2023-05-17 08:55:04,234 [modules.auxiliary.digisig] DEBUG: File is not signed
2023-05-17 08:55:04,265 [modules.auxiliary.digisig] INFO: Uploading signature results to aux/DigiSig.json
2023-05-17 08:55:04,281 [root] DEBUG: Started auxiliary module "DigiSig"
2023-05-17 08:55:04,281 [root] DEBUG: Started auxiliary module DigiSig
2023-05-17 08:55:04,281 [root] DEBUG: Initialized auxiliary module "Disguise"
2023-05-17 08:55:04,281 [root] DEBUG: Trying to start auxiliary module "Disguise"...
2023-05-17 08:55:04,281 [modules.auxiliary.disguise] INFO: Disguising GUID to 1d13044e-bc01-422f-bcf6-168458dda4f1
2023-05-17 08:55:04,281 [root] DEBUG: Started auxiliary module "Disguise"
2023-05-17 08:55:04,281 [root] DEBUG: Started auxiliary module Disguise
2023-05-17 08:55:04,281 [root] DEBUG: Initialized auxiliary module "Evtx"
2023-05-17 08:55:04,281 [root] DEBUG: Trying to start auxiliary module "Evtx"...
2023-05-17 08:55:04,312 [root] DEBUG: Started auxiliary module "Evtx"
2023-05-17 08:55:04,312 [root] DEBUG: Started auxiliary module Evtx
2023-05-17 08:55:04,312 [root] DEBUG: Initialized auxiliary module "FilePickup"
2023-05-17 08:55:04,312 [root] DEBUG: Trying to start auxiliary module "FilePickup"...
2023-05-17 08:55:04,312 [root] DEBUG: Started auxiliary module "FilePickup"
2023-05-17 08:55:04,312 [root] DEBUG: Started auxiliary module FilePickup
2023-05-17 08:55:04,375 [root] DEBUG: Initialized auxiliary module "Human"
2023-05-17 08:55:04,375 [root] DEBUG: Trying to start auxiliary module "Human"...
2023-05-17 08:55:04,375 [root] DEBUG: Started auxiliary module "Human"
2023-05-17 08:55:04,375 [root] DEBUG: Started auxiliary module Human
2023-05-17 08:55:04,375 [root] DEBUG: Initialized auxiliary module "Permissions"
2023-05-17 08:55:04,390 [root] DEBUG: Trying to start auxiliary module "Permissions"...
2023-05-17 08:55:04,437 [root] DEBUG: Started auxiliary module "Permissions"
2023-05-17 08:55:04,453 [root] DEBUG: Started auxiliary module Permissions
2023-05-17 08:55:04,468 [root] DEBUG: Initialized auxiliary module "Pre_script"
2023-05-17 08:55:04,468 [root] DEBUG: Trying to start auxiliary module "Pre_script"...
2023-05-17 08:55:04,468 [root] DEBUG: Started auxiliary module "Pre_script"
2023-05-17 08:55:04,484 [root] DEBUG: Started auxiliary module Pre_script
2023-05-17 08:55:04,484 [root] DEBUG: Initialized auxiliary module "Procmon"
2023-05-17 08:55:04,484 [root] DEBUG: Trying to start auxiliary module "Procmon"...
2023-05-17 08:55:04,484 [root] DEBUG: Started auxiliary module "Procmon"
2023-05-17 08:55:04,484 [root] DEBUG: Started auxiliary module Procmon
2023-05-17 08:55:04,484 [root] DEBUG: Initialized auxiliary module "Screenshots"
2023-05-17 08:55:04,484 [root] DEBUG: Trying to start auxiliary module "Screenshots"...
2023-05-17 08:55:04,484 [root] DEBUG: Started auxiliary module "Screenshots"
2023-05-17 08:55:04,515 [root] DEBUG: Started auxiliary module Screenshots
2023-05-17 08:55:04,515 [root] DEBUG: Initialized auxiliary module "Sysmon"
2023-05-17 08:55:04,515 [root] DEBUG: Trying to start auxiliary module "Sysmon"...
2023-05-17 08:55:04,531 [root] DEBUG: Started auxiliary module "Sysmon"
2023-05-17 08:55:04,531 [root] DEBUG: Started auxiliary module Sysmon
2023-05-17 08:55:04,531 [root] DEBUG: Initialized auxiliary module "TLSDumpMasterSecrets"
2023-05-17 08:55:04,531 [root] DEBUG: Trying to start auxiliary module "TLSDumpMasterSecrets"...
2023-05-17 08:55:04,531 [modules.auxiliary.tlsdump] INFO: lsass.exe found, pid 480
2023-05-17 08:55:04,546 [lib.api.process] INFO: Monitor config for process 480: C:\tmpq8s1d_36\dll\480.ini
2023-05-17 08:55:04,609 [lib.api.process] INFO: Option 'tlsdump' with value '1' sent to monitor
2023-05-17 08:55:04,625 [lib.api.process] INFO: 32-bit DLL to inject is C:\tmpq8s1d_36\dll\zcGmOlCZ.dll, loader C:\tmpq8s1d_36\bin\WpuYnds.exe
2023-05-17 08:55:04,687 [root] DEBUG: Loader: Injecting process 480 with C:\tmpq8s1d_36\dll\zcGmOlCZ.dll.
2023-05-17 08:55:04,796 [root] DEBUG: Python path set to 'C:\Users\cape\AppData\Local\Programs\Python\Python38-32'.
2023-05-17 08:55:04,828 [root] DEBUG: TLS secret dump mode enabled.
2023-05-17 08:55:04,828 [root] INFO: Disabling sleep skipping.
2023-05-17 08:55:04,843 [root] DEBUG: Monitor initialised: 32-bit capemon loaded in process 480 at 0x6baf0000, thread 3940, image base 0xf20000, stack from 0xd96000-0xda0000
2023-05-17 08:55:04,843 [root] DEBUG: Commandline: C:\Windows\system32\lsass.exe
2023-05-17 08:55:04,843 [root] DEBUG: InjectDllViaThread: Successfully injected Dll into process via RtlCreateUserThread.
2023-05-17 08:55:04,875 [root] DEBUG: Successfully injected DLL C:\tmpq8s1d_36\dll\zcGmOlCZ.dll.
2023-05-17 08:55:04,875 [lib.api.process] INFO: Injected into suspended 32-bit process with pid 480
2023-05-17 08:55:04,875 [root] DEBUG: Started auxiliary module "TLSDumpMasterSecrets"
2023-05-17 08:55:04,890 [root] DEBUG: Started auxiliary module TLSDumpMasterSecrets
2023-05-17 08:55:04,890 [root] DEBUG: Initialized auxiliary module "Usage"
2023-05-17 08:55:04,890 [root] DEBUG: Trying to start auxiliary module "Usage"...
2023-05-17 08:55:04,890 [root] DEBUG: Started auxiliary module "Usage"
2023-05-17 08:55:04,906 [root] DEBUG: Started auxiliary module Usage
2023-05-17 08:55:04,906 [root] DEBUG: Initialized auxiliary module "During_script"
2023-05-17 08:55:04,906 [root] DEBUG: Trying to start auxiliary module "During_script"...
2023-05-17 08:55:04,906 [root] DEBUG: Started auxiliary module "During_script"
2023-05-17 08:55:04,906 [root] DEBUG: Started auxiliary module During_script
2023-05-17 08:55:08,984 [root] DEBUG: DLL loaded at 0x716C0000: C:\Windows\system32\certpoleng (0x13000 bytes).
2023-05-17 08:55:09,000 [root] DEBUG: DLL loaded at 0x73BD0000: C:\Windows\system32\wkscli (0xf000 bytes).
2023-05-17 08:55:11,781 [root] INFO: Restarting WMI Service
2023-05-17 08:55:13,859 [lib.core.compound] INFO: C:\Users\cape\AppData\Local\Temp already exists, skipping creation
2023-05-17 08:55:13,968 [lib.api.process] INFO: Successfully executed process from path "C:\Users\cape\AppData\Local\Temp\minimum_num_browsers.exe" with arguments "" with pid 2828
2023-05-17 08:55:13,984 [lib.api.process] INFO: Monitor config for process 2828: C:\tmpq8s1d_36\dll\2828.ini
2023-05-17 08:55:14,046 [lib.api.process] INFO: 32-bit DLL to inject is C:\tmpq8s1d_36\dll\zcGmOlCZ.dll, loader C:\tmpq8s1d_36\bin\WpuYnds.exe
2023-05-17 08:55:14,062 [root] DEBUG: Loader: Injecting process 2828 (thread 2880) with C:\tmpq8s1d_36\dll\zcGmOlCZ.dll.
2023-05-17 08:55:14,078 [root] DEBUG: InjectDllViaIAT: Successfully patched IAT.
2023-05-17 08:55:14,093 [root] DEBUG: Successfully injected DLL C:\tmpq8s1d_36\dll\zcGmOlCZ.dll.
2023-05-17 08:55:14,093 [lib.api.process] INFO: Injected into suspended 32-bit process with pid 2828
2023-05-17 08:55:16,109 [lib.api.process] INFO: Successfully resumed process with pid 2828
2023-05-17 01:55:45,574 [root] DEBUG: DLL loaded at 0x6E500000: C:\Windows\system32\dssenh (0x27000 bytes).
2023-05-17 01:55:45,605 [root] DEBUG: DLL loaded at 0x74A80000: C:\Windows\system32\GPAPI (0x16000 bytes).
2023-05-17 01:55:45,792 [root] DEBUG: TLS 1.2 secrets logged to: C:\EfHUes\tlsdump\tlsdump.log
2023-05-17 01:58:41,370 [root] INFO: Analysis timeout hit, terminating analysis
2023-05-17 01:58:41,448 [lib.api.process] ERROR: Failed to open terminate event for pid 2828
2023-05-17 01:58:41,511 [root] INFO: Terminate event set for process 2828
2023-05-17 01:58:41,511 [root] INFO: Created shutdown mutex
2023-05-17 01:58:42,511 [root] INFO: Shutting down package
2023-05-17 01:58:42,527 [root] INFO: Stopping auxiliary modules
2023-05-17 01:58:42,542 [root] INFO: Stopping auxiliary module: Browser
2023-05-17 01:58:42,542 [root] INFO: Stopping auxiliary module: Curtain
2023-05-17 01:58:42,902 [lib.common.results] INFO: Uploading file C:\curtain.log to curtain/1684313922.9021251.curtain.log; Size is 36; Max size: 100000000
2023-05-17 01:58:43,011 [root] INFO: Stopping auxiliary module: Evtx
2023-05-17 01:58:43,073 [root] INFO: Stopping auxiliary module: FilePickup
2023-05-17 01:58:43,073 [root] INFO: Stopping auxiliary module: Human
2023-05-17 01:58:43,073 [root] INFO: Stopping auxiliary module: Pre_script
2023-05-17 01:58:43,105 [root] INFO: Stopping auxiliary module: Procmon
2023-05-17 01:58:43,105 [root] INFO: Stopping auxiliary module: Screenshots
2023-05-17 01:58:43,105 [root] INFO: Stopping auxiliary module: Sysmon
2023-05-17 01:58:43,105 [root] INFO: Stopping auxiliary module: Usage
2023-05-17 01:58:43,105 [root] INFO: Stopping auxiliary module: During_script
2023-05-17 01:58:43,105 [root] INFO: Finishing auxiliary modules
2023-05-17 01:58:43,105 [root] INFO: Shutting down pipe server and dumping dropped files
2023-05-17 01:58:43,136 [root] WARNING: Folder at path "C:\EfHUes\debugger" does not exist, skipping
2023-05-17 01:58:43,136 [root] INFO: Uploading files at path "C:\EfHUes\tlsdump"
2023-05-17 01:58:43,136 [lib.common.results] INFO: Uploading file C:\EfHUes\tlsdump\tlsdump.log to tlsdump\tlsdump.log; Size is 548; Max size: 100000000
2023-05-17 01:58:43,199 [root] INFO: Analysis completed
