2023-05-17 08:55:05,332 [lib.cuckoo.core.resultserver] DEBUG: Task #55: live log analysis.log initialized
2023-05-17 08:55:08,670 [lib.cuckoo.core.resultserver] DEBUG: Task #55: Trying to upload file aux/DigiSig.json
2023-05-17 08:55:08,671 [lib.cuckoo.core.resultserver] DEBUG: Task #55: Uploaded file aux/DigiSig.json of length: 116
2023-05-17 08:55:09,434 [lib.cuckoo.core.resultserver] DEBUG: Task #55: Trying to upload file aux/usage.log
2023-05-17 08:55:09,434 [lib.cuckoo.core.resultserver] DEBUG: Task #55: Uploaded file aux/usage.log of length: 0
2023-05-17 08:55:10,118 [lib.cuckoo.core.resultserver] DEBUG: Task #55: Trying to upload file shots/0001.jpg
2023-05-17 08:55:10,144 [lib.cuckoo.core.resultserver] DEBUG: Task #55: Uploaded file shots/0001.jpg of length: 95339
2023-05-17 08:55:13,571 [lib.cuckoo.core.resultserver] DEBUG: Task #55: Trying to upload file shots/0002.jpg
2023-05-17 08:55:13,577 [lib.cuckoo.core.resultserver] DEBUG: Task #55: Uploaded file shots/0002.jpg of length: 88938
2023-05-17 08:55:15,793 [lib.cuckoo.core.resultserver] DEBUG: Task #55: Trying to upload file shots/0003.jpg
2023-05-17 08:55:15,897 [lib.cuckoo.core.resultserver] DEBUG: Task #55: Uploaded file shots/0003.jpg of length: 87730
2023-05-17 08:55:16,962 [lib.cuckoo.core.resultserver] DEBUG: Task #55: Trying to upload file shots/0004.jpg
2023-05-17 08:55:16,970 [lib.cuckoo.core.resultserver] DEBUG: Task #55: Uploaded file shots/0004.jpg of length: 88289
2023-05-17 08:55:19,133 [lib.cuckoo.core.resultserver] DEBUG: Task #55: Trying to upload file shots/0005.jpg
2023-05-17 08:55:19,147 [lib.cuckoo.core.resultserver] DEBUG: Task #55: Uploaded file shots/0005.jpg of length: 101439
2023-05-17 08:55:20,368 [lib.cuckoo.core.resultserver] DEBUG: Task #55: Trying to upload file shots/0006.jpg
2023-05-17 08:55:20,372 [lib.cuckoo.core.resultserver] DEBUG: Task #55: Uploaded file shots/0006.jpg of length: 101718
2023-05-17 08:55:21,588 [lib.cuckoo.core.resultserver] DEBUG: Task #55: Trying to upload file shots/0007.jpg
2023-05-17 08:55:21,607 [lib.cuckoo.core.resultserver] DEBUG: Task #55: Uploaded file shots/0007.jpg of length: 102744
2023-05-17 08:55:26,086 [lib.cuckoo.core.resultserver] DEBUG: Task #55: Trying to upload file shots/0008.jpg
2023-05-17 08:55:26,094 [lib.cuckoo.core.resultserver] DEBUG: Task #55: Uploaded file shots/0008.jpg of length: 104365
2023-05-17 08:55:27,307 [lib.cuckoo.core.resultserver] DEBUG: Task #55: Trying to upload file shots/0009.jpg
2023-05-17 08:55:27,314 [lib.cuckoo.core.resultserver] DEBUG: Task #55: Uploaded file shots/0009.jpg of length: 102743
2023-05-17 08:55:28,571 [lib.cuckoo.core.resultserver] DEBUG: Task #55: Trying to upload file shots/0010.jpg
2023-05-17 08:55:28,576 [lib.cuckoo.core.resultserver] DEBUG: Task #55: Uploaded file shots/0010.jpg of length: 104359
2023-05-17 08:55:30,815 [lib.cuckoo.core.resultserver] DEBUG: Task #55: Trying to upload file shots/0011.jpg
2023-05-17 08:55:30,842 [lib.cuckoo.core.resultserver] DEBUG: Task #55: Uploaded file shots/0011.jpg of length: 102743
2023-05-17 08:55:34,259 [lib.cuckoo.core.resultserver] DEBUG: Task #55: Trying to upload file shots/0012.jpg
2023-05-17 08:55:34,264 [lib.cuckoo.core.resultserver] DEBUG: Task #55: Uploaded file shots/0012.jpg of length: 102993
2023-05-17 08:55:35,352 [lib.cuckoo.core.resultserver] DEBUG: Task #55: Trying to upload file shots/0013.jpg
2023-05-17 08:55:35,359 [lib.cuckoo.core.resultserver] DEBUG: Task #55: Uploaded file shots/0013.jpg of length: 102743
2023-05-17 08:55:36,448 [lib.cuckoo.core.resultserver] DEBUG: Task #55: Trying to upload file shots/0014.jpg
2023-05-17 08:55:36,456 [lib.cuckoo.core.resultserver] DEBUG: Task #55: Uploaded file shots/0014.jpg of length: 102993
2023-05-17 08:55:38,633 [lib.cuckoo.core.resultserver] DEBUG: Task #55: Trying to upload file shots/0015.jpg
2023-05-17 08:55:38,639 [lib.cuckoo.core.resultserver] DEBUG: Task #55: Uploaded file shots/0015.jpg of length: 102743
2023-05-17 08:55:46,290 [lib.cuckoo.core.resultserver] DEBUG: Task #55: Trying to upload file shots/0016.jpg
2023-05-17 08:55:46,302 [lib.cuckoo.core.resultserver] DEBUG: Task #55: Uploaded file shots/0016.jpg of length: 104696
2023-05-17 08:55:47,415 [lib.cuckoo.core.resultserver] DEBUG: Task #55: Trying to upload file shots/0017.jpg
2023-05-17 08:55:47,420 [lib.cuckoo.core.resultserver] DEBUG: Task #55: Uploaded file shots/0017.jpg of length: 104476
2023-05-17 08:55:49,618 [lib.cuckoo.core.resultserver] DEBUG: Task #55: Trying to upload file shots/0018.jpg
2023-05-17 08:55:49,627 [lib.cuckoo.core.resultserver] DEBUG: Task #55: Uploaded file shots/0018.jpg of length: 105941
2023-05-17 08:55:50,732 [lib.cuckoo.core.resultserver] DEBUG: Task #55: Trying to upload file shots/0019.jpg
2023-05-17 08:55:50,738 [lib.cuckoo.core.resultserver] DEBUG: Task #55: Uploaded file shots/0019.jpg of length: 104476
2023-05-17 08:55:55,087 [lib.cuckoo.core.resultserver] DEBUG: Task #55: Trying to upload file shots/0020.jpg
2023-05-17 08:55:55,092 [lib.cuckoo.core.resultserver] DEBUG: Task #55: Uploaded file shots/0020.jpg of length: 105941
2023-05-17 08:55:56,399 [lib.cuckoo.core.resultserver] DEBUG: Task #55: Trying to upload file shots/0021.jpg
2023-05-17 08:55:56,405 [lib.cuckoo.core.resultserver] DEBUG: Task #55: Uploaded file shots/0021.jpg of length: 104476
2023-05-17 08:56:02,993 [lib.cuckoo.core.resultserver] DEBUG: Task #55: Trying to upload file shots/0022.jpg
2023-05-17 08:56:03,030 [lib.cuckoo.core.resultserver] DEBUG: Task #55: Uploaded file shots/0022.jpg of length: 104710
2023-05-17 08:56:05,274 [lib.cuckoo.core.resultserver] DEBUG: Task #55: Trying to upload file shots/0023.jpg
2023-05-17 08:56:05,288 [lib.cuckoo.core.resultserver] DEBUG: Task #55: Uploaded file shots/0023.jpg of length: 104485
2023-05-17 08:56:08,603 [lib.cuckoo.core.resultserver] DEBUG: Task #55: Trying to upload file shots/0024.jpg
2023-05-17 08:56:08,644 [lib.cuckoo.core.resultserver] DEBUG: Task #55: Uploaded file shots/0024.jpg of length: 104702
2023-05-17 08:56:14,257 [lib.cuckoo.core.resultserver] DEBUG: Task #55: Trying to upload file shots/0025.jpg
2023-05-17 08:56:14,276 [lib.cuckoo.core.resultserver] DEBUG: Task #55: Uploaded file shots/0025.jpg of length: 105939
2023-05-17 08:56:16,571 [lib.cuckoo.core.resultserver] DEBUG: Task #55: Trying to upload file shots/0026.jpg
2023-05-17 08:56:16,576 [lib.cuckoo.core.resultserver] DEBUG: Task #55: Uploaded file shots/0026.jpg of length: 104485
2023-05-17 08:56:22,447 [lib.cuckoo.core.resultserver] DEBUG: Task #55: Trying to upload file shots/0027.jpg
2023-05-17 08:56:22,485 [lib.cuckoo.core.resultserver] DEBUG: Task #55: Uploaded file shots/0027.jpg of length: 104710
2023-05-17 08:56:23,603 [lib.cuckoo.core.resultserver] DEBUG: Task #55: Trying to upload file shots/0028.jpg
2023-05-17 08:56:23,619 [lib.cuckoo.core.resultserver] DEBUG: Task #55: Uploaded file shots/0028.jpg of length: 104485
2023-05-17 08:56:31,619 [lib.cuckoo.core.resultserver] DEBUG: Task #55: Trying to upload file shots/0029.jpg
2023-05-17 08:56:31,625 [lib.cuckoo.core.resultserver] DEBUG: Task #55: Uploaded file shots/0029.jpg of length: 104710
2023-05-17 08:56:35,085 [lib.cuckoo.core.resultserver] DEBUG: Task #55: Trying to upload file shots/0030.jpg
2023-05-17 08:56:35,111 [lib.cuckoo.core.resultserver] DEBUG: Task #55: Uploaded file shots/0030.jpg of length: 104485
2023-05-17 08:56:48,462 [lib.cuckoo.core.resultserver] DEBUG: Task #55: Trying to upload file shots/0031.jpg
2023-05-17 08:56:48,482 [lib.cuckoo.core.resultserver] DEBUG: Task #55: Uploaded file shots/0031.jpg of length: 104710
2023-05-17 08:56:49,603 [lib.cuckoo.core.resultserver] DEBUG: Task #55: Trying to upload file shots/0032.jpg
2023-05-17 08:56:49,642 [lib.cuckoo.core.resultserver] DEBUG: Task #55: Uploaded file shots/0032.jpg of length: 105956
2023-05-17 08:56:50,837 [lib.cuckoo.core.resultserver] DEBUG: Task #55: Trying to upload file shots/0033.jpg
2023-05-17 08:56:50,843 [lib.cuckoo.core.resultserver] DEBUG: Task #55: Uploaded file shots/0033.jpg of length: 104710
2023-05-17 08:56:51,946 [lib.cuckoo.core.resultserver] DEBUG: Task #55: Trying to upload file shots/0034.jpg
2023-05-17 08:56:52,026 [lib.cuckoo.core.resultserver] DEBUG: Task #55: Uploaded file shots/0034.jpg of length: 104485
2023-05-17 08:56:56,812 [lib.cuckoo.core.resultserver] DEBUG: Task #55: Trying to upload file shots/0035.jpg
2023-05-17 08:56:56,869 [lib.cuckoo.core.resultserver] DEBUG: Task #55: Uploaded file shots/0035.jpg of length: 106186
2023-05-17 08:56:57,981 [lib.cuckoo.core.resultserver] DEBUG: Task #55: Trying to upload file shots/0036.jpg
2023-05-17 08:56:58,011 [lib.cuckoo.core.resultserver] DEBUG: Task #55: Uploaded file shots/0036.jpg of length: 104708
2023-05-17 08:56:59,102 [lib.cuckoo.core.resultserver] DEBUG: Task #55: Trying to upload file shots/0037.jpg
2023-05-17 08:56:59,115 [lib.cuckoo.core.resultserver] DEBUG: Task #55: Uploaded file shots/0037.jpg of length: 106186
2023-05-17 08:57:00,213 [lib.cuckoo.core.resultserver] DEBUG: Task #55: Trying to upload file shots/0038.jpg
2023-05-17 08:57:00,222 [lib.cuckoo.core.resultserver] DEBUG: Task #55: Uploaded file shots/0038.jpg of length: 104936
2023-05-17 08:57:01,549 [lib.cuckoo.core.resultserver] DEBUG: Task #55: Trying to upload file shots/0039.jpg
2023-05-17 08:57:01,587 [lib.cuckoo.core.resultserver] DEBUG: Task #55: Uploaded file shots/0039.jpg of length: 106183
2023-05-17 08:57:02,665 [lib.cuckoo.core.resultserver] DEBUG: Task #55: Trying to upload file shots/0040.jpg
2023-05-17 08:57:02,676 [lib.cuckoo.core.resultserver] DEBUG: Task #55: Uploaded file shots/0040.jpg of length: 104721
2023-05-17 08:57:16,727 [lib.cuckoo.core.resultserver] DEBUG: Task #55: Trying to upload file shots/0041.jpg
2023-05-17 08:57:16,742 [lib.cuckoo.core.resultserver] DEBUG: Task #55: Uploaded file shots/0041.jpg of length: 106166
2023-05-17 08:57:17,837 [lib.cuckoo.core.resultserver] DEBUG: Task #55: Trying to upload file shots/0042.jpg
2023-05-17 08:57:17,848 [lib.cuckoo.core.resultserver] DEBUG: Task #55: Uploaded file shots/0042.jpg of length: 104698
2023-05-17 08:57:31,961 [lib.cuckoo.core.resultserver] DEBUG: Task #55: Trying to upload file shots/0043.jpg
2023-05-17 08:57:31,967 [lib.cuckoo.core.resultserver] DEBUG: Task #55: Uploaded file shots/0043.jpg of length: 104917
2023-05-17 08:57:33,055 [lib.cuckoo.core.resultserver] DEBUG: Task #55: Trying to upload file shots/0044.jpg
2023-05-17 08:57:33,060 [lib.cuckoo.core.resultserver] DEBUG: Task #55: Uploaded file shots/0044.jpg of length: 106183
2023-05-17 08:57:34,180 [lib.cuckoo.core.resultserver] DEBUG: Task #55: Trying to upload file shots/0045.jpg
2023-05-17 08:57:34,186 [lib.cuckoo.core.resultserver] DEBUG: Task #55: Uploaded file shots/0045.jpg of length: 104698
2023-05-17 08:57:42,383 [lib.cuckoo.core.resultserver] DEBUG: Task #55: Trying to upload file shots/0046.jpg
2023-05-17 08:57:42,390 [lib.cuckoo.core.resultserver] DEBUG: Task #55: Uploaded file shots/0046.jpg of length: 104998
2023-05-17 08:57:46,099 [lib.cuckoo.core.resultserver] DEBUG: Task #55: Trying to upload file shots/0047.jpg
2023-05-17 08:57:46,165 [lib.cuckoo.core.resultserver] DEBUG: Task #55: Uploaded file shots/0047.jpg of length: 104698
2023-05-17 08:57:49,790 [lib.cuckoo.core.resultserver] DEBUG: Task #55: Trying to upload file shots/0048.jpg
2023-05-17 08:57:49,810 [lib.cuckoo.core.resultserver] DEBUG: Task #55: Uploaded file shots/0048.jpg of length: 104938
2023-05-17 08:57:51,071 [lib.cuckoo.core.resultserver] DEBUG: Task #55: Trying to upload file shots/0049.jpg
2023-05-17 08:57:51,079 [lib.cuckoo.core.resultserver] DEBUG: Task #55: Uploaded file shots/0049.jpg of length: 104698
2023-05-17 08:58:06,649 [lib.cuckoo.core.resultserver] DEBUG: Task #55: Trying to upload file shots/0050.jpg
2023-05-17 08:58:06,655 [lib.cuckoo.core.resultserver] DEBUG: Task #55: Uploaded file shots/0050.jpg of length: 104937
2023-05-17 08:58:09,008 [lib.cuckoo.core.resultserver] DEBUG: Task #55: Trying to upload file shots/0051.jpg
2023-05-17 08:58:09,015 [lib.cuckoo.core.resultserver] DEBUG: Task #55: Uploaded file shots/0051.jpg of length: 104699
2023-05-17 08:58:11,385 [lib.cuckoo.core.resultserver] DEBUG: Task #55: Trying to upload file shots/0052.jpg
2023-05-17 08:58:11,390 [lib.cuckoo.core.resultserver] DEBUG: Task #55: Uploaded file shots/0052.jpg of length: 106185
2023-05-17 08:58:12,527 [lib.cuckoo.core.resultserver] DEBUG: Task #55: Trying to upload file shots/0053.jpg
2023-05-17 08:58:12,538 [lib.cuckoo.core.resultserver] DEBUG: Task #55: Uploaded file shots/0053.jpg of length: 104699
2023-05-17 08:58:14,946 [lib.cuckoo.core.resultserver] DEBUG: Task #55: Trying to upload file shots/0054.jpg
2023-05-17 08:58:14,952 [lib.cuckoo.core.resultserver] DEBUG: Task #55: Uploaded file shots/0054.jpg of length: 104937
2023-05-17 08:58:17,852 [lib.cuckoo.core.resultserver] DEBUG: Task #55: Trying to upload file shots/0055.jpg
2023-05-17 08:58:17,855 [lib.cuckoo.core.resultserver] DEBUG: Task #55: Uploaded file shots/0055.jpg of length: 106168
2023-05-17 08:58:21,446 [lib.cuckoo.core.resultserver] DEBUG: Task #55: Trying to upload file shots/0056.jpg
2023-05-17 08:58:21,466 [lib.cuckoo.core.resultserver] DEBUG: Task #55: Uploaded file shots/0056.jpg of length: 104699
2023-05-17 08:58:26,446 [lib.cuckoo.core.resultserver] DEBUG: Task #55: Trying to upload file shots/0057.jpg
2023-05-17 08:58:26,457 [lib.cuckoo.core.resultserver] DEBUG: Task #55: Uploaded file shots/0057.jpg of length: 104937
2023-05-17 08:58:27,613 [lib.cuckoo.core.resultserver] DEBUG: Task #55: Trying to upload file shots/0058.jpg
2023-05-17 08:58:27,631 [lib.cuckoo.core.resultserver] DEBUG: Task #55: Uploaded file shots/0058.jpg of length: 106168
2023-05-17 08:58:28,815 [lib.cuckoo.core.resultserver] DEBUG: Task #55: Trying to upload file shots/0059.jpg
2023-05-17 08:58:28,854 [lib.cuckoo.core.resultserver] DEBUG: Task #55: Uploaded file shots/0059.jpg of length: 104699
2023-05-17 08:58:34,977 [lib.cuckoo.core.resultserver] DEBUG: Task #55: Trying to upload file shots/0060.jpg
2023-05-17 08:58:34,982 [lib.cuckoo.core.resultserver] DEBUG: Task #55: Uploaded file shots/0060.jpg of length: 106168
2023-05-17 08:58:36,196 [lib.cuckoo.core.resultserver] DEBUG: Task #55: Trying to upload file shots/0061.jpg
2023-05-17 08:58:36,201 [lib.cuckoo.core.resultserver] DEBUG: Task #55: Uploaded file shots/0061.jpg of length: 104699
2023-05-17 08:58:39,882 [lib.cuckoo.core.resultserver] DEBUG: Task #55: Trying to upload file shots/0062.jpg
2023-05-17 08:58:39,900 [lib.cuckoo.core.resultserver] DEBUG: Task #55: Uploaded file shots/0062.jpg of length: 104937
2023-05-17 08:58:41,102 [lib.cuckoo.core.resultserver] DEBUG: Task #55: Trying to upload file shots/0063.jpg
2023-05-17 08:58:41,112 [lib.cuckoo.core.resultserver] DEBUG: Task #55: Uploaded file shots/0063.jpg of length: 104699
2023-05-17 08:58:42,244 [lib.cuckoo.core.resultserver] DEBUG: Task #55: Trying to upload file shots/0064.jpg
2023-05-17 08:58:42,272 [lib.cuckoo.core.resultserver] DEBUG: Task #55: Uploaded file shots/0064.jpg of length: 103340
2023-05-17 08:58:42,963 [lib.cuckoo.core.resultserver] DEBUG: Task #55: Trying to upload file curtain/1684313922.9021251.curtain.log
2023-05-17 08:58:43,022 [lib.cuckoo.core.resultserver] DEBUG: Task #55: Uploaded file curtain/1684313922.9021251.curtain.log of length: 36
2023-05-17 08:58:43,150 [lib.cuckoo.core.resultserver] DEBUG: Task #55: Trying to upload file tlsdump/tlsdump.log
2023-05-17 08:58:43,197 [lib.cuckoo.core.resultserver] DEBUG: Task #55: Uploaded file tlsdump/tlsdump.log of length: 548
2023-05-17 08:58:43,571 [lib.cuckoo.core.resultserver] DEBUG: Task #55: Trying to upload file shots/0065.jpg
2023-05-17 08:58:43,579 [lib.cuckoo.core.resultserver] DEBUG: Task #55: Uploaded file shots/0065.jpg of length: 114059
2023-05-17 09:02:25,862 [lib.cuckoo.core.resultserver] DEBUG: Task #55 had connection reset by peer for <Context for None>
2023-05-17 09:02:34,858 [lib.cuckoo.core.resultserver] DEBUG: Task #55 had connection reset by peer for <Context for None>
