2023-05-08 09:07:45,325 [root] INFO: Date set to: 20230517T09:22:52, timeout set to: 200
2023-05-17 09:22:52,140 [root] DEBUG: Starting analyzer from: C:\tmpq8s1d_36
2023-05-17 09:22:52,140 [root] DEBUG: Storing results at: C:\CkuipvQ
2023-05-17 09:22:52,140 [root] DEBUG: Pipe server name: \\.\PIPE\VobfNGN
2023-05-17 09:22:52,140 [root] DEBUG: Python path: C:\Users\cape\AppData\Local\Programs\Python\Python38-32
2023-05-17 09:22:52,140 [root] INFO: Analysis package "exe" has been specified
2023-05-17 09:22:52,156 [root] DEBUG: Importing analysis package "exe"...
2023-05-17 09:22:52,281 [root] DEBUG: Initializing analysis package "exe"...
2023-05-17 09:22:52,281 [root] DEBUG: New location of moved file: C:\Users\cape\AppData\Local\Temp\UTC_time_zone.exe
2023-05-17 09:22:52,281 [root] INFO: Analyzer: Package modules.packages.exe does not specify a DLL option
2023-05-17 09:22:52,296 [root] INFO: Analyzer: Package modules.packages.exe does not specify a DLL_64 option
2023-05-17 09:22:52,296 [root] INFO: Analyzer: Package modules.packages.exe does not specify a loader option
2023-05-17 09:22:52,296 [root] INFO: Analyzer: Package modules.packages.exe does not specify a loader_64 option
2023-05-17 09:22:52,593 [root] DEBUG: Importing auxiliary module "modules.auxiliary.browser"...
2023-05-17 09:22:53,531 [root] DEBUG: Importing auxiliary module "modules.auxiliary.curtain"...
2023-05-17 09:22:53,593 [root] DEBUG: Importing auxiliary module "modules.auxiliary.digisig"...
2023-05-17 09:22:53,718 [root] DEBUG: Importing auxiliary module "modules.auxiliary.disguise"...
2023-05-17 09:22:53,718 [root] DEBUG: Importing auxiliary module "modules.auxiliary.during_script"...
2023-05-17 09:22:53,765 [root] DEBUG: Importing auxiliary module "modules.auxiliary.evtx"...
2023-05-17 09:22:53,765 [root] DEBUG: Importing auxiliary module "modules.auxiliary.filepickup"...
2023-05-17 09:22:53,765 [root] DEBUG: Importing auxiliary module "modules.auxiliary.human"...
2023-05-17 09:22:53,781 [root] DEBUG: Importing auxiliary module "modules.auxiliary.permissions"...
2023-05-17 09:22:53,843 [root] DEBUG: Importing auxiliary module "modules.auxiliary.pre_script"...
2023-05-17 09:22:53,859 [root] DEBUG: Importing auxiliary module "modules.auxiliary.procmon"...
2023-05-17 09:22:53,875 [root] DEBUG: Importing auxiliary module "modules.auxiliary.screenshots"...
2023-05-17 09:22:53,953 [lib.api.screenshot] DEBUG: Importing 'PIL.ImageChops'
2023-05-17 09:22:54,093 [lib.api.screenshot] DEBUG: Importing 'PIL.ImageGrab'
2023-05-17 09:22:54,109 [lib.api.screenshot] DEBUG: Importing 'PIL.ImageDraw'
2023-05-17 09:22:54,125 [root] DEBUG: Importing auxiliary module "modules.auxiliary.sysmon"...
2023-05-17 09:22:54,125 [root] DEBUG: Importing auxiliary module "modules.auxiliary.tlsdump"...
2023-05-17 09:22:54,140 [root] DEBUG: Importing auxiliary module "modules.auxiliary.usage"...
2023-05-17 09:22:54,140 [root] DEBUG: Initialized auxiliary module "Browser"
2023-05-17 09:22:54,140 [root] DEBUG: Trying to start auxiliary module "Browser"...
2023-05-17 09:22:54,140 [root] DEBUG: Started auxiliary module "Browser"
2023-05-17 09:22:54,156 [root] DEBUG: Started auxiliary module Browser
2023-05-17 09:22:54,156 [root] DEBUG: Initialized auxiliary module "Curtain"
2023-05-17 09:22:54,156 [root] DEBUG: Trying to start auxiliary module "Curtain"...
2023-05-17 09:22:54,156 [root] DEBUG: Started auxiliary module "Curtain"
2023-05-17 09:22:54,156 [root] DEBUG: Started auxiliary module Curtain
2023-05-17 09:22:54,156 [root] DEBUG: Initialized auxiliary module "DigiSig"
2023-05-17 09:22:54,156 [root] DEBUG: Trying to start auxiliary module "DigiSig"...
2023-05-17 09:22:54,171 [modules.auxiliary.digisig] DEBUG: Checking for a digital signature
2023-05-17 09:22:54,921 [modules.auxiliary.digisig] DEBUG: File is not signed
2023-05-17 09:22:54,921 [modules.auxiliary.digisig] INFO: Uploading signature results to aux/DigiSig.json
2023-05-17 09:22:54,953 [root] DEBUG: Started auxiliary module "DigiSig"
2023-05-17 09:22:54,953 [root] DEBUG: Started auxiliary module DigiSig
2023-05-17 09:22:54,953 [root] DEBUG: Initialized auxiliary module "Disguise"
2023-05-17 09:22:54,953 [root] DEBUG: Trying to start auxiliary module "Disguise"...
2023-05-17 09:22:54,953 [modules.auxiliary.disguise] INFO: Disguising GUID to 8260ea2f-d690-40a5-892f-c398364d0063
2023-05-17 09:22:54,953 [root] DEBUG: Started auxiliary module "Disguise"
2023-05-17 09:22:54,953 [root] DEBUG: Started auxiliary module Disguise
2023-05-17 09:22:54,953 [root] DEBUG: Initialized auxiliary module "Evtx"
2023-05-17 09:22:54,953 [root] DEBUG: Trying to start auxiliary module "Evtx"...
2023-05-17 09:22:54,953 [root] DEBUG: Started auxiliary module "Evtx"
2023-05-17 09:22:54,984 [root] DEBUG: Started auxiliary module Evtx
2023-05-17 09:22:54,984 [root] DEBUG: Initialized auxiliary module "FilePickup"
2023-05-17 09:22:54,984 [root] DEBUG: Trying to start auxiliary module "FilePickup"...
2023-05-17 09:22:54,984 [root] DEBUG: Started auxiliary module "FilePickup"
2023-05-17 09:22:54,984 [root] DEBUG: Started auxiliary module FilePickup
2023-05-17 09:22:54,984 [root] DEBUG: Initialized auxiliary module "Human"
2023-05-17 09:22:54,984 [root] DEBUG: Trying to start auxiliary module "Human"...
2023-05-17 09:22:54,984 [root] DEBUG: Started auxiliary module "Human"
2023-05-17 09:22:55,015 [root] DEBUG: Started auxiliary module Human
2023-05-17 09:22:55,015 [root] DEBUG: Initialized auxiliary module "Permissions"
2023-05-17 09:22:55,031 [root] DEBUG: Trying to start auxiliary module "Permissions"...
2023-05-17 09:22:55,031 [root] DEBUG: Started auxiliary module "Permissions"
2023-05-17 09:22:55,031 [root] DEBUG: Started auxiliary module Permissions
2023-05-17 09:22:55,156 [root] DEBUG: Initialized auxiliary module "Pre_script"
2023-05-17 09:22:55,171 [root] DEBUG: Trying to start auxiliary module "Pre_script"...
2023-05-17 09:22:55,171 [root] DEBUG: Started auxiliary module "Pre_script"
2023-05-17 09:22:55,171 [root] DEBUG: Started auxiliary module Pre_script
2023-05-17 09:22:55,171 [root] DEBUG: Initialized auxiliary module "Procmon"
2023-05-17 09:22:55,171 [root] DEBUG: Trying to start auxiliary module "Procmon"...
2023-05-17 09:22:55,171 [root] DEBUG: Started auxiliary module "Procmon"
2023-05-17 09:22:55,187 [root] DEBUG: Started auxiliary module Procmon
2023-05-17 09:22:55,187 [root] DEBUG: Initialized auxiliary module "Screenshots"
2023-05-17 09:22:55,187 [root] DEBUG: Trying to start auxiliary module "Screenshots"...
2023-05-17 09:22:55,187 [root] DEBUG: Started auxiliary module "Screenshots"
2023-05-17 09:22:55,187 [root] DEBUG: Started auxiliary module Screenshots
2023-05-17 09:22:55,187 [root] DEBUG: Initialized auxiliary module "Sysmon"
2023-05-17 09:22:55,203 [root] DEBUG: Trying to start auxiliary module "Sysmon"...
2023-05-17 09:22:55,203 [root] DEBUG: Started auxiliary module "Sysmon"
2023-05-17 09:22:55,203 [root] DEBUG: Started auxiliary module Sysmon
2023-05-17 09:22:55,203 [root] DEBUG: Initialized auxiliary module "TLSDumpMasterSecrets"
2023-05-17 09:22:55,203 [root] DEBUG: Trying to start auxiliary module "TLSDumpMasterSecrets"...
2023-05-17 09:22:55,203 [modules.auxiliary.tlsdump] INFO: lsass.exe found, pid 480
2023-05-17 09:22:55,218 [lib.api.process] INFO: Monitor config for process 480: C:\tmpq8s1d_36\dll\480.ini
2023-05-17 09:22:55,234 [lib.api.process] INFO: Option 'tlsdump' with value '1' sent to monitor
2023-05-17 09:22:55,249 [lib.api.process] INFO: 32-bit DLL to inject is C:\tmpq8s1d_36\dll\YfxXAP.dll, loader C:\tmpq8s1d_36\bin\IHKRZkr.exe
2023-05-17 09:22:55,312 [root] DEBUG: Loader: Injecting process 480 with C:\tmpq8s1d_36\dll\YfxXAP.dll.
2023-05-17 09:22:55,421 [root] DEBUG: Python path set to 'C:\Users\cape\AppData\Local\Programs\Python\Python38-32'.
2023-05-17 09:22:55,437 [root] DEBUG: TLS secret dump mode enabled.
2023-05-17 09:22:55,437 [root] INFO: Disabling sleep skipping.
2023-05-17 09:22:55,437 [root] DEBUG: Monitor initialised: 32-bit capemon loaded in process 480 at 0x6ba60000, thread 3944, image base 0xf20000, stack from 0x846000-0x850000
2023-05-17 09:22:55,453 [root] DEBUG: Commandline: C:\Windows\system32\lsass.exe
2023-05-17 09:22:55,468 [root] DEBUG: InjectDllViaThread: Successfully injected Dll into process via RtlCreateUserThread.
2023-05-17 09:22:55,484 [root] DEBUG: Successfully injected DLL C:\tmpq8s1d_36\dll\YfxXAP.dll.
2023-05-17 09:22:55,484 [lib.api.process] INFO: Injected into suspended 32-bit process with pid 480
2023-05-17 09:22:55,484 [root] DEBUG: Started auxiliary module "TLSDumpMasterSecrets"
2023-05-17 09:22:55,500 [root] DEBUG: Started auxiliary module TLSDumpMasterSecrets
2023-05-17 09:22:55,500 [root] DEBUG: Initialized auxiliary module "Usage"
2023-05-17 09:22:55,500 [root] DEBUG: Trying to start auxiliary module "Usage"...
2023-05-17 09:22:55,500 [root] DEBUG: Started auxiliary module "Usage"
2023-05-17 09:22:55,500 [root] DEBUG: Started auxiliary module Usage
2023-05-17 09:22:55,515 [root] DEBUG: Initialized auxiliary module "During_script"
2023-05-17 09:22:55,531 [root] DEBUG: Trying to start auxiliary module "During_script"...
2023-05-17 09:22:55,531 [root] DEBUG: Started auxiliary module "During_script"
2023-05-17 09:22:55,531 [root] DEBUG: Started auxiliary module During_script
2023-05-17 09:22:59,484 [root] DEBUG: DLL loaded at 0x716C0000: C:\Windows\system32\certpoleng (0x13000 bytes).
2023-05-17 09:22:59,500 [root] DEBUG: DLL loaded at 0x73BD0000: C:\Windows\system32\wkscli (0xf000 bytes).
2023-05-17 09:23:02,265 [root] INFO: Restarting WMI Service
2023-05-17 09:23:02,328 [modules.auxiliary.human] INFO: Found button "OK", clicking it
2023-05-17 09:23:04,406 [lib.core.compound] INFO: C:\Users\cape\AppData\Local\Temp already exists, skipping creation
2023-05-17 09:23:04,562 [lib.api.process] INFO: Successfully executed process from path "C:\Users\cape\AppData\Local\Temp\UTC_time_zone.exe" with arguments "" with pid 2828
2023-05-17 09:23:04,593 [lib.api.process] INFO: Monitor config for process 2828: C:\tmpq8s1d_36\dll\2828.ini
2023-05-17 09:23:04,593 [lib.api.process] INFO: 32-bit DLL to inject is C:\tmpq8s1d_36\dll\YfxXAP.dll, loader C:\tmpq8s1d_36\bin\IHKRZkr.exe
2023-05-17 09:23:04,593 [root] DEBUG: Loader: Injecting process 2828 (thread 2880) with C:\tmpq8s1d_36\dll\YfxXAP.dll.
2023-05-17 09:23:04,609 [root] DEBUG: InjectDllViaIAT: Successfully patched IAT.
2023-05-17 09:23:04,640 [root] DEBUG: Successfully injected DLL C:\tmpq8s1d_36\dll\YfxXAP.dll.
2023-05-17 09:23:04,656 [lib.api.process] INFO: Injected into suspended 32-bit process with pid 2828
2023-05-17 09:23:06,656 [lib.api.process] INFO: Successfully resumed process with pid 2828
2023-05-17 02:23:36,234 [root] DEBUG: DLL loaded at 0x6E4E0000: C:\Windows\system32\dssenh (0x27000 bytes).
2023-05-17 02:23:36,265 [root] DEBUG: DLL loaded at 0x74A80000: C:\Windows\system32\GPAPI (0x16000 bytes).
2023-05-17 02:23:36,406 [root] DEBUG: TLS 1.2 secrets logged to: C:\CkuipvQ\tlsdump\tlsdump.log
2023-05-17 02:26:31,937 [root] INFO: Analysis timeout hit, terminating analysis
2023-05-17 02:26:31,968 [lib.api.process] ERROR: Failed to open terminate event for pid 2828
2023-05-17 02:26:31,999 [root] INFO: Terminate event set for process 2828
2023-05-17 02:26:32,015 [root] INFO: Created shutdown mutex
2023-05-17 02:26:33,015 [root] INFO: Shutting down package
2023-05-17 02:26:33,031 [root] INFO: Stopping auxiliary modules
2023-05-17 02:26:33,031 [root] INFO: Stopping auxiliary module: Browser
2023-05-17 02:26:33,046 [root] INFO: Stopping auxiliary module: Curtain
2023-05-17 02:26:33,468 [lib.common.results] INFO: Uploading file C:\curtain.log to curtain/1684315593.4529998.curtain.log; Size is 36; Max size: 100000000
2023-05-17 02:26:33,656 [root] INFO: Stopping auxiliary module: Evtx
2023-05-17 02:26:33,671 [root] INFO: Stopping auxiliary module: FilePickup
2023-05-17 02:26:33,671 [root] INFO: Stopping auxiliary module: Human
2023-05-17 02:26:33,687 [root] INFO: Stopping auxiliary module: Pre_script
2023-05-17 02:26:33,687 [root] INFO: Stopping auxiliary module: Procmon
2023-05-17 02:26:33,687 [root] INFO: Stopping auxiliary module: Screenshots
2023-05-17 02:26:33,687 [root] INFO: Stopping auxiliary module: Sysmon
2023-05-17 02:26:33,687 [root] INFO: Stopping auxiliary module: Usage
2023-05-17 02:26:33,687 [root] INFO: Stopping auxiliary module: During_script
2023-05-17 02:26:33,687 [root] INFO: Finishing auxiliary modules
2023-05-17 02:26:33,687 [root] INFO: Shutting down pipe server and dumping dropped files
2023-05-17 02:26:33,703 [root] WARNING: Folder at path "C:\CkuipvQ\debugger" does not exist, skipping
2023-05-17 02:26:33,718 [root] INFO: Uploading files at path "C:\CkuipvQ\tlsdump"
2023-05-17 02:26:33,718 [lib.common.results] INFO: Uploading file C:\CkuipvQ\tlsdump\tlsdump.log to tlsdump\tlsdump.log; Size is 548; Max size: 100000000
2023-05-17 02:26:33,796 [root] INFO: Analysis completed
