2023-05-08 09:07:45,059 [root] INFO: Date set to: 20230517T09:02:18, timeout set to: 200
2023-05-17 09:02:18,171 [root] DEBUG: Starting analyzer from: C:\tmpq8s1d_36
2023-05-17 09:02:18,171 [root] DEBUG: Storing results at: C:\YEwnDwkBdb
2023-05-17 09:02:18,265 [root] DEBUG: Pipe server name: \\.\PIPE\gSFWZvgI
2023-05-17 09:02:18,281 [root] DEBUG: Python path: C:\Users\cape\AppData\Local\Programs\Python\Python38-32
2023-05-17 09:02:18,281 [root] INFO: Analysis package "exe" has been specified
2023-05-17 09:02:18,281 [root] DEBUG: Importing analysis package "exe"...
2023-05-17 09:02:18,421 [root] DEBUG: Initializing analysis package "exe"...
2023-05-17 09:02:18,437 [root] DEBUG: New location of moved file: C:\Users\cape\AppData\Local\Temp\minimum_num_running_.exe
2023-05-17 09:02:18,437 [root] INFO: Analyzer: Package modules.packages.exe does not specify a DLL option
2023-05-17 09:02:18,453 [root] INFO: Analyzer: Package modules.packages.exe does not specify a DLL_64 option
2023-05-17 09:02:18,468 [root] INFO: Analyzer: Package modules.packages.exe does not specify a loader option
2023-05-17 09:02:18,484 [root] INFO: Analyzer: Package modules.packages.exe does not specify a loader_64 option
2023-05-17 09:02:19,656 [root] DEBUG: Importing auxiliary module "modules.auxiliary.browser"...
2023-05-17 09:02:19,671 [root] DEBUG: Importing auxiliary module "modules.auxiliary.curtain"...
2023-05-17 09:02:19,718 [root] DEBUG: Importing auxiliary module "modules.auxiliary.digisig"...
2023-05-17 09:02:19,859 [root] DEBUG: Importing auxiliary module "modules.auxiliary.disguise"...
2023-05-17 09:02:20,062 [root] DEBUG: Importing auxiliary module "modules.auxiliary.during_script"...
2023-05-17 09:02:20,093 [root] DEBUG: Importing auxiliary module "modules.auxiliary.evtx"...
2023-05-17 09:02:20,093 [root] DEBUG: Importing auxiliary module "modules.auxiliary.filepickup"...
2023-05-17 09:02:20,109 [root] DEBUG: Importing auxiliary module "modules.auxiliary.human"...
2023-05-17 09:02:20,171 [root] DEBUG: Importing auxiliary module "modules.auxiliary.permissions"...
2023-05-17 09:02:20,249 [root] DEBUG: Importing auxiliary module "modules.auxiliary.pre_script"...
2023-05-17 09:02:20,265 [root] DEBUG: Importing auxiliary module "modules.auxiliary.procmon"...
2023-05-17 09:02:20,281 [root] DEBUG: Importing auxiliary module "modules.auxiliary.screenshots"...
2023-05-17 09:02:20,281 [lib.api.screenshot] DEBUG: Importing 'PIL.ImageChops'
2023-05-17 09:02:20,421 [lib.api.screenshot] DEBUG: Importing 'PIL.ImageGrab'
2023-05-17 09:02:20,437 [lib.api.screenshot] DEBUG: Importing 'PIL.ImageDraw'
2023-05-17 09:02:20,453 [root] DEBUG: Importing auxiliary module "modules.auxiliary.sysmon"...
2023-05-17 09:02:20,484 [root] DEBUG: Importing auxiliary module "modules.auxiliary.tlsdump"...
2023-05-17 09:02:20,484 [root] DEBUG: Importing auxiliary module "modules.auxiliary.usage"...
2023-05-17 09:02:20,484 [root] DEBUG: Initialized auxiliary module "Browser"
2023-05-17 09:02:20,484 [root] DEBUG: Trying to start auxiliary module "Browser"...
2023-05-17 09:02:20,515 [root] DEBUG: Started auxiliary module "Browser"
2023-05-17 09:02:20,515 [root] DEBUG: Started auxiliary module Browser
2023-05-17 09:02:20,515 [root] DEBUG: Initialized auxiliary module "Curtain"
2023-05-17 09:02:20,515 [root] DEBUG: Trying to start auxiliary module "Curtain"...
2023-05-17 09:02:20,515 [root] DEBUG: Started auxiliary module "Curtain"
2023-05-17 09:02:20,546 [root] DEBUG: Started auxiliary module Curtain
2023-05-17 09:02:20,546 [root] DEBUG: Initialized auxiliary module "DigiSig"
2023-05-17 09:02:20,546 [root] DEBUG: Trying to start auxiliary module "DigiSig"...
2023-05-17 09:02:20,546 [modules.auxiliary.digisig] DEBUG: Checking for a digital signature
2023-05-17 09:02:21,500 [modules.auxiliary.digisig] DEBUG: File is not signed
2023-05-17 09:02:21,515 [modules.auxiliary.digisig] INFO: Uploading signature results to aux/DigiSig.json
2023-05-17 09:02:21,531 [root] DEBUG: Started auxiliary module "DigiSig"
2023-05-17 09:02:21,531 [root] DEBUG: Started auxiliary module DigiSig
2023-05-17 09:02:21,531 [root] DEBUG: Initialized auxiliary module "Disguise"
2023-05-17 09:02:21,531 [root] DEBUG: Trying to start auxiliary module "Disguise"...
2023-05-17 09:02:21,546 [modules.auxiliary.disguise] INFO: Disguising GUID to 846af681-3cf0-4526-9e59-325457f448b6
2023-05-17 09:02:21,546 [root] DEBUG: Started auxiliary module "Disguise"
2023-05-17 09:02:21,546 [root] DEBUG: Started auxiliary module Disguise
2023-05-17 09:02:21,546 [root] DEBUG: Initialized auxiliary module "Evtx"
2023-05-17 09:02:21,546 [root] DEBUG: Trying to start auxiliary module "Evtx"...
2023-05-17 09:02:21,546 [root] DEBUG: Started auxiliary module "Evtx"
2023-05-17 09:02:21,546 [root] DEBUG: Started auxiliary module Evtx
2023-05-17 09:02:21,546 [root] DEBUG: Initialized auxiliary module "FilePickup"
2023-05-17 09:02:21,546 [root] DEBUG: Trying to start auxiliary module "FilePickup"...
2023-05-17 09:02:21,546 [root] DEBUG: Started auxiliary module "FilePickup"
2023-05-17 09:02:21,578 [root] DEBUG: Started auxiliary module FilePickup
2023-05-17 09:02:21,578 [root] DEBUG: Initialized auxiliary module "Human"
2023-05-17 09:02:21,578 [root] DEBUG: Trying to start auxiliary module "Human"...
2023-05-17 09:02:21,578 [root] DEBUG: Started auxiliary module "Human"
2023-05-17 09:02:21,578 [root] DEBUG: Started auxiliary module Human
2023-05-17 09:02:21,609 [root] DEBUG: Initialized auxiliary module "Permissions"
2023-05-17 09:02:21,609 [root] DEBUG: Trying to start auxiliary module "Permissions"...
2023-05-17 09:02:21,609 [root] DEBUG: Started auxiliary module "Permissions"
2023-05-17 09:02:21,609 [root] DEBUG: Started auxiliary module Permissions
2023-05-17 09:02:21,609 [root] DEBUG: Initialized auxiliary module "Pre_script"
2023-05-17 09:02:21,609 [root] DEBUG: Trying to start auxiliary module "Pre_script"...
2023-05-17 09:02:21,609 [root] DEBUG: Started auxiliary module "Pre_script"
2023-05-17 09:02:21,609 [root] DEBUG: Started auxiliary module Pre_script
2023-05-17 09:02:21,609 [root] DEBUG: Initialized auxiliary module "Procmon"
2023-05-17 09:02:21,625 [root] DEBUG: Trying to start auxiliary module "Procmon"...
2023-05-17 09:02:21,640 [root] DEBUG: Started auxiliary module "Procmon"
2023-05-17 09:02:21,640 [root] DEBUG: Started auxiliary module Procmon
2023-05-17 09:02:21,640 [root] DEBUG: Initialized auxiliary module "Screenshots"
2023-05-17 09:02:21,640 [root] DEBUG: Trying to start auxiliary module "Screenshots"...
2023-05-17 09:02:21,640 [root] DEBUG: Started auxiliary module "Screenshots"
2023-05-17 09:02:21,640 [root] DEBUG: Started auxiliary module Screenshots
2023-05-17 09:02:21,640 [root] DEBUG: Initialized auxiliary module "Sysmon"
2023-05-17 09:02:21,640 [root] DEBUG: Trying to start auxiliary module "Sysmon"...
2023-05-17 09:02:21,640 [root] DEBUG: Started auxiliary module "Sysmon"
2023-05-17 09:02:21,656 [root] DEBUG: Started auxiliary module Sysmon
2023-05-17 09:02:21,671 [root] DEBUG: Initialized auxiliary module "TLSDumpMasterSecrets"
2023-05-17 09:02:21,671 [root] DEBUG: Trying to start auxiliary module "TLSDumpMasterSecrets"...
2023-05-17 09:02:21,671 [modules.auxiliary.tlsdump] INFO: lsass.exe found, pid 480
2023-05-17 09:02:21,671 [lib.api.process] INFO: Monitor config for process 480: C:\tmpq8s1d_36\dll\480.ini
2023-05-17 09:02:24,687 [lib.api.process] INFO: Option 'tlsdump' with value '1' sent to monitor
2023-05-17 09:02:24,718 [lib.api.process] INFO: 32-bit DLL to inject is C:\tmpq8s1d_36\dll\lClVuvf.dll, loader C:\tmpq8s1d_36\bin\DjrEXMN.exe
2023-05-17 09:02:24,734 [root] DEBUG: Loader: Injecting process 480 with C:\tmpq8s1d_36\dll\lClVuvf.dll.
2023-05-17 09:02:24,828 [root] DEBUG: Python path set to 'C:\Users\cape\AppData\Local\Programs\Python\Python38-32'.
2023-05-17 09:02:24,843 [root] DEBUG: TLS secret dump mode enabled.
2023-05-17 09:02:24,843 [root] INFO: Disabling sleep skipping.
2023-05-17 09:02:24,859 [root] DEBUG: Monitor initialised: 32-bit capemon loaded in process 480 at 0x6b920000, thread 3964, image base 0xf20000, stack from 0x1627000-0x1630000
2023-05-17 09:02:24,875 [root] DEBUG: Commandline: C:\Windows\system32\lsass.exe
2023-05-17 09:02:24,875 [root] DEBUG: InjectDllViaThread: Successfully injected Dll into process via RtlCreateUserThread.
2023-05-17 09:02:24,937 [root] DEBUG: Successfully injected DLL C:\tmpq8s1d_36\dll\lClVuvf.dll.
2023-05-17 09:02:25,015 [lib.api.process] INFO: Injected into suspended 32-bit process with pid 480
2023-05-17 09:02:25,046 [root] DEBUG: Started auxiliary module "TLSDumpMasterSecrets"
2023-05-17 09:02:25,046 [root] DEBUG: Started auxiliary module TLSDumpMasterSecrets
2023-05-17 09:02:25,046 [root] DEBUG: Initialized auxiliary module "Usage"
2023-05-17 09:02:25,062 [root] DEBUG: Trying to start auxiliary module "Usage"...
2023-05-17 09:02:25,062 [root] DEBUG: Started auxiliary module "Usage"
2023-05-17 09:02:25,062 [root] DEBUG: Started auxiliary module Usage
2023-05-17 09:02:25,062 [root] DEBUG: Initialized auxiliary module "During_script"
2023-05-17 09:02:25,062 [root] DEBUG: Trying to start auxiliary module "During_script"...
2023-05-17 09:02:25,062 [root] DEBUG: Started auxiliary module "During_script"
2023-05-17 09:02:25,062 [root] DEBUG: Started auxiliary module During_script
2023-05-17 09:02:25,750 [root] DEBUG: DLL loaded at 0x71620000: C:\Windows\system32\certpoleng (0x13000 bytes).
2023-05-17 09:02:25,765 [root] DEBUG: DLL loaded at 0x73BD0000: C:\Windows\system32\wkscli (0xf000 bytes).
2023-05-17 09:02:32,890 [root] INFO: Restarting WMI Service
2023-05-17 02:02:39,322 [lib.core.compound] INFO: C:\Users\cape\AppData\Local\Temp already exists, skipping creation
2023-05-17 02:02:39,353 [lib.api.process] INFO: Successfully executed process from path "C:\Users\cape\AppData\Local\Temp\minimum_num_running_.exe" with arguments "" with pid 2804
2023-05-17 02:02:39,353 [lib.api.process] INFO: Monitor config for process 2804: C:\tmpq8s1d_36\dll\2804.ini
2023-05-17 02:02:39,369 [lib.api.process] INFO: 32-bit DLL to inject is C:\tmpq8s1d_36\dll\lClVuvf.dll, loader C:\tmpq8s1d_36\bin\DjrEXMN.exe
2023-05-17 02:02:39,384 [root] DEBUG: Loader: Injecting process 2804 (thread 2884) with C:\tmpq8s1d_36\dll\lClVuvf.dll.
2023-05-17 02:02:39,384 [root] DEBUG: InjectDllViaIAT: Successfully patched IAT.
2023-05-17 02:02:39,384 [root] DEBUG: Successfully injected DLL C:\tmpq8s1d_36\dll\lClVuvf.dll.
2023-05-17 02:02:39,400 [lib.api.process] INFO: Injected into suspended 32-bit process with pid 2804
2023-05-17 02:02:41,462 [lib.api.process] INFO: Successfully resumed process with pid 2804
2023-05-17 02:03:02,056 [root] DEBUG: DLL loaded at 0x6E500000: C:\Windows\system32\dssenh (0x27000 bytes).
2023-05-17 02:03:02,087 [root] DEBUG: DLL loaded at 0x74A80000: C:\Windows\system32\GPAPI (0x16000 bytes).
2023-05-17 02:03:02,259 [root] DEBUG: TLS 1.2 secrets logged to: C:\YEwnDwkBdb\tlsdump\tlsdump.log
2023-05-17 02:06:02,431 [root] INFO: Analysis timeout hit, terminating analysis
2023-05-17 02:06:02,462 [lib.api.process] ERROR: Failed to open terminate event for pid 2804
2023-05-17 02:06:02,478 [root] INFO: Terminate event set for process 2804
2023-05-17 02:06:02,478 [root] INFO: Created shutdown mutex
2023-05-17 02:06:03,540 [root] INFO: Shutting down package
2023-05-17 02:06:03,587 [root] INFO: Stopping auxiliary modules
2023-05-17 02:06:03,681 [root] INFO: Stopping auxiliary module: Browser
2023-05-17 02:06:03,697 [root] INFO: Stopping auxiliary module: Curtain
2023-05-17 02:06:03,947 [lib.common.results] INFO: Uploading file C:\curtain.log to curtain/1684314363.931625.curtain.log; Size is 36; Max size: 100000000
2023-05-17 02:06:04,056 [root] INFO: Stopping auxiliary module: Evtx
2023-05-17 02:06:04,087 [root] INFO: Stopping auxiliary module: FilePickup
2023-05-17 02:06:04,119 [root] INFO: Stopping auxiliary module: Human
2023-05-17 02:06:04,134 [root] INFO: Stopping auxiliary module: Pre_script
2023-05-17 02:06:04,134 [root] INFO: Stopping auxiliary module: Procmon
2023-05-17 02:06:04,134 [root] INFO: Stopping auxiliary module: Screenshots
2023-05-17 02:06:04,134 [root] INFO: Stopping auxiliary module: Sysmon
2023-05-17 02:06:04,134 [root] INFO: Stopping auxiliary module: Usage
2023-05-17 02:06:04,134 [root] INFO: Stopping auxiliary module: During_script
2023-05-17 02:06:04,134 [root] INFO: Finishing auxiliary modules
2023-05-17 02:06:04,134 [root] INFO: Shutting down pipe server and dumping dropped files
2023-05-17 02:06:04,150 [root] WARNING: Folder at path "C:\YEwnDwkBdb\debugger" does not exist, skipping
2023-05-17 02:06:04,150 [root] INFO: Uploading files at path "C:\YEwnDwkBdb\tlsdump"
2023-05-17 02:06:04,166 [lib.common.results] INFO: Uploading file C:\YEwnDwkBdb\tlsdump\tlsdump.log to tlsdump\tlsdump.log; Size is 548; Max size: 100000000
2023-05-17 02:06:04,572 [root] INFO: Analysis completed
