2023-05-08 09:07:44,668 [root] INFO: Date set to: 20230517T08:30:12, timeout set to: 200
2023-05-17 08:30:12,406 [root] DEBUG: Starting analyzer from: C:\tmpq8s1d_36
2023-05-17 08:30:12,406 [root] DEBUG: Storing results at: C:\ZQjcgyasH
2023-05-17 08:30:12,421 [root] DEBUG: Pipe server name: \\.\PIPE\oIKZEJLYb
2023-05-17 08:30:12,421 [root] DEBUG: Python path: C:\Users\cape\AppData\Local\Programs\Python\Python38-32
2023-05-17 08:30:12,421 [root] INFO: Analysis package "exe" has been specified
2023-05-17 08:30:12,437 [root] DEBUG: Importing analysis package "exe"...
2023-05-17 08:30:12,515 [root] DEBUG: Initializing analysis package "exe"...
2023-05-17 08:30:12,531 [root] DEBUG: New location of moved file: C:\Users\cape\AppData\Local\Temp\file.exe
2023-05-17 08:30:12,531 [root] INFO: Analyzer: Package modules.packages.exe does not specify a DLL option
2023-05-17 08:30:12,531 [root] INFO: Analyzer: Package modules.packages.exe does not specify a DLL_64 option
2023-05-17 08:30:12,531 [root] INFO: Analyzer: Package modules.packages.exe does not specify a loader option
2023-05-17 08:30:12,546 [root] INFO: Analyzer: Package modules.packages.exe does not specify a loader_64 option
2023-05-17 08:30:13,656 [root] DEBUG: Importing auxiliary module "modules.auxiliary.browser"...
2023-05-17 08:30:13,656 [root] DEBUG: Importing auxiliary module "modules.auxiliary.curtain"...
2023-05-17 08:30:13,703 [root] DEBUG: Importing auxiliary module "modules.auxiliary.digisig"...
2023-05-17 08:30:13,859 [root] DEBUG: Importing auxiliary module "modules.auxiliary.disguise"...
2023-05-17 08:30:13,890 [root] DEBUG: Importing auxiliary module "modules.auxiliary.during_script"...
2023-05-17 08:30:13,890 [root] DEBUG: Importing auxiliary module "modules.auxiliary.evtx"...
2023-05-17 08:30:13,906 [root] DEBUG: Importing auxiliary module "modules.auxiliary.filepickup"...
2023-05-17 08:30:13,921 [root] DEBUG: Importing auxiliary module "modules.auxiliary.human"...
2023-05-17 08:30:13,968 [root] DEBUG: Importing auxiliary module "modules.auxiliary.permissions"...
2023-05-17 08:30:14,031 [root] DEBUG: Importing auxiliary module "modules.auxiliary.pre_script"...
2023-05-17 08:30:14,062 [root] DEBUG: Importing auxiliary module "modules.auxiliary.procmon"...
2023-05-17 08:30:14,062 [root] DEBUG: Importing auxiliary module "modules.auxiliary.screenshots"...
2023-05-17 08:30:14,078 [lib.api.screenshot] DEBUG: Importing 'PIL.ImageChops'
2023-05-17 08:30:14,203 [lib.api.screenshot] DEBUG: Importing 'PIL.ImageGrab'
2023-05-17 08:30:14,218 [lib.api.screenshot] DEBUG: Importing 'PIL.ImageDraw'
2023-05-17 08:30:14,234 [root] DEBUG: Importing auxiliary module "modules.auxiliary.sysmon"...
2023-05-17 08:30:14,234 [root] DEBUG: Importing auxiliary module "modules.auxiliary.tlsdump"...
2023-05-17 08:30:14,265 [root] DEBUG: Importing auxiliary module "modules.auxiliary.usage"...
2023-05-17 08:30:14,265 [root] DEBUG: Initialized auxiliary module "Browser"
2023-05-17 08:30:14,281 [root] DEBUG: Trying to start auxiliary module "Browser"...
2023-05-17 08:30:14,281 [root] DEBUG: Started auxiliary module "Browser"
2023-05-17 08:30:14,281 [root] DEBUG: Started auxiliary module Browser
2023-05-17 08:30:14,296 [root] DEBUG: Initialized auxiliary module "Curtain"
2023-05-17 08:30:14,296 [root] DEBUG: Trying to start auxiliary module "Curtain"...
2023-05-17 08:30:14,296 [root] DEBUG: Started auxiliary module "Curtain"
2023-05-17 08:30:14,296 [root] DEBUG: Started auxiliary module Curtain
2023-05-17 08:30:14,312 [root] DEBUG: Initialized auxiliary module "DigiSig"
2023-05-17 08:30:14,312 [root] DEBUG: Trying to start auxiliary module "DigiSig"...
2023-05-17 08:30:14,312 [modules.auxiliary.digisig] DEBUG: Checking for a digital signature
2023-05-17 08:30:15,078 [modules.auxiliary.digisig] DEBUG: File is not signed
2023-05-17 08:30:15,093 [modules.auxiliary.digisig] INFO: Uploading signature results to aux/DigiSig.json
2023-05-17 08:30:15,109 [root] DEBUG: Started auxiliary module "DigiSig"
2023-05-17 08:30:15,109 [root] DEBUG: Started auxiliary module DigiSig
2023-05-17 08:30:15,109 [root] DEBUG: Initialized auxiliary module "Disguise"
2023-05-17 08:30:15,109 [root] DEBUG: Trying to start auxiliary module "Disguise"...
2023-05-17 08:30:15,109 [modules.auxiliary.disguise] INFO: Disguising GUID to 2ff9982b-f52f-4274-96d0-aa9525fe16e5
2023-05-17 08:30:15,109 [root] DEBUG: Started auxiliary module "Disguise"
2023-05-17 08:30:15,125 [root] DEBUG: Started auxiliary module Disguise
2023-05-17 08:30:15,140 [root] DEBUG: Initialized auxiliary module "Evtx"
2023-05-17 08:30:15,140 [root] DEBUG: Trying to start auxiliary module "Evtx"...
2023-05-17 08:30:15,140 [root] DEBUG: Started auxiliary module "Evtx"
2023-05-17 08:30:15,140 [root] DEBUG: Started auxiliary module Evtx
2023-05-17 08:30:15,140 [root] DEBUG: Initialized auxiliary module "FilePickup"
2023-05-17 08:30:15,140 [root] DEBUG: Trying to start auxiliary module "FilePickup"...
2023-05-17 08:30:15,140 [root] DEBUG: Started auxiliary module "FilePickup"
2023-05-17 08:30:15,140 [root] DEBUG: Started auxiliary module FilePickup
2023-05-17 08:30:15,140 [root] DEBUG: Initialized auxiliary module "Human"
2023-05-17 08:30:15,140 [root] DEBUG: Trying to start auxiliary module "Human"...
2023-05-17 08:30:15,156 [root] DEBUG: Started auxiliary module "Human"
2023-05-17 08:30:15,156 [root] DEBUG: Started auxiliary module Human
2023-05-17 08:30:15,156 [root] DEBUG: Initialized auxiliary module "Permissions"
2023-05-17 08:30:15,156 [root] DEBUG: Trying to start auxiliary module "Permissions"...
2023-05-17 08:30:15,156 [root] DEBUG: Started auxiliary module "Permissions"
2023-05-17 08:30:15,156 [root] DEBUG: Started auxiliary module Permissions
2023-05-17 08:30:15,156 [root] DEBUG: Initialized auxiliary module "Pre_script"
2023-05-17 08:30:15,171 [root] DEBUG: Trying to start auxiliary module "Pre_script"...
2023-05-17 08:30:15,171 [root] DEBUG: Started auxiliary module "Pre_script"
2023-05-17 08:30:15,171 [root] DEBUG: Started auxiliary module Pre_script
2023-05-17 08:30:15,171 [root] DEBUG: Initialized auxiliary module "Procmon"
2023-05-17 08:30:15,171 [root] DEBUG: Trying to start auxiliary module "Procmon"...
2023-05-17 08:30:15,171 [root] DEBUG: Started auxiliary module "Procmon"
2023-05-17 08:30:15,171 [root] DEBUG: Started auxiliary module Procmon
2023-05-17 08:30:15,171 [root] DEBUG: Initialized auxiliary module "Screenshots"
2023-05-17 08:30:15,171 [root] DEBUG: Trying to start auxiliary module "Screenshots"...
2023-05-17 08:30:15,171 [root] DEBUG: Started auxiliary module "Screenshots"
2023-05-17 08:30:15,187 [root] DEBUG: Started auxiliary module Screenshots
2023-05-17 08:30:15,187 [root] DEBUG: Initialized auxiliary module "Sysmon"
2023-05-17 08:30:15,187 [root] DEBUG: Trying to start auxiliary module "Sysmon"...
2023-05-17 08:30:15,203 [root] DEBUG: Started auxiliary module "Sysmon"
2023-05-17 08:30:15,203 [root] DEBUG: Started auxiliary module Sysmon
2023-05-17 08:30:15,203 [root] DEBUG: Initialized auxiliary module "TLSDumpMasterSecrets"
2023-05-17 08:30:15,203 [root] DEBUG: Trying to start auxiliary module "TLSDumpMasterSecrets"...
2023-05-17 08:30:15,203 [modules.auxiliary.tlsdump] INFO: lsass.exe found, pid 480
2023-05-17 08:30:15,203 [lib.api.process] INFO: Monitor config for process 480: C:\tmpq8s1d_36\dll\480.ini
2023-05-17 08:30:18,218 [lib.api.process] INFO: Option 'tlsdump' with value '1' sent to monitor
2023-05-17 08:30:18,234 [lib.api.process] INFO: 32-bit DLL to inject is C:\tmpq8s1d_36\dll\ZGohwll.dll, loader C:\tmpq8s1d_36\bin\pAGDBmW.exe
2023-05-17 08:30:18,265 [root] DEBUG: Loader: Injecting process 480 with C:\tmpq8s1d_36\dll\ZGohwll.dll.
2023-05-17 08:30:18,328 [root] DEBUG: Python path set to 'C:\Users\cape\AppData\Local\Programs\Python\Python38-32'.
2023-05-17 08:30:18,359 [root] DEBUG: TLS secret dump mode enabled.
2023-05-17 08:30:18,359 [root] INFO: Disabling sleep skipping.
2023-05-17 08:30:18,375 [root] DEBUG: Monitor initialised: 32-bit capemon loaded in process 480 at 0x6baf0000, thread 3932, image base 0xf20000, stack from 0x1636000-0x1640000
2023-05-17 08:30:18,375 [root] DEBUG: Commandline: C:\Windows\system32\lsass.exe
2023-05-17 08:30:18,390 [root] DEBUG: InjectDllViaThread: Successfully injected Dll into process via RtlCreateUserThread.
2023-05-17 08:30:18,406 [root] DEBUG: Successfully injected DLL C:\tmpq8s1d_36\dll\ZGohwll.dll.
2023-05-17 08:30:18,406 [lib.api.process] INFO: Injected into suspended 32-bit process with pid 480
2023-05-17 08:30:18,406 [root] DEBUG: Started auxiliary module "TLSDumpMasterSecrets"
2023-05-17 08:30:18,406 [root] DEBUG: Started auxiliary module TLSDumpMasterSecrets
2023-05-17 08:30:18,406 [root] DEBUG: Initialized auxiliary module "Usage"
2023-05-17 08:30:18,421 [root] DEBUG: Trying to start auxiliary module "Usage"...
2023-05-17 08:30:18,421 [root] DEBUG: Started auxiliary module "Usage"
2023-05-17 08:30:18,421 [root] DEBUG: Started auxiliary module Usage
2023-05-17 08:30:18,437 [root] DEBUG: Initialized auxiliary module "During_script"
2023-05-17 08:30:18,437 [root] DEBUG: Trying to start auxiliary module "During_script"...
2023-05-17 08:30:18,437 [root] DEBUG: Started auxiliary module "During_script"
2023-05-17 08:30:18,437 [root] DEBUG: Started auxiliary module During_script
2023-05-17 08:30:20,156 [root] DEBUG: DLL loaded at 0x71620000: C:\Windows\system32\certpoleng (0x13000 bytes).
2023-05-17 08:30:20,171 [root] DEBUG: DLL loaded at 0x73BD0000: C:\Windows\system32\wkscli (0xf000 bytes).
2023-05-17 08:30:25,781 [root] INFO: Restarting WMI Service
2023-05-17 08:30:28,249 [lib.core.compound] INFO: C:\Users\cape\AppData\Local\Temp already exists, skipping creation
2023-05-17 08:30:28,296 [lib.api.process] INFO: Successfully executed process from path "C:\Users\cape\AppData\Local\Temp\file.exe" with arguments "" with pid 2872
2023-05-17 08:30:28,328 [lib.api.process] INFO: Monitor config for process 2872: C:\tmpq8s1d_36\dll\2872.ini
2023-05-17 08:30:28,359 [lib.api.process] INFO: 32-bit DLL to inject is C:\tmpq8s1d_36\dll\ZGohwll.dll, loader C:\tmpq8s1d_36\bin\pAGDBmW.exe
2023-05-17 08:30:28,406 [root] DEBUG: Loader: Injecting process 2872 (thread 2868) with C:\tmpq8s1d_36\dll\ZGohwll.dll.
2023-05-17 08:30:28,406 [root] DEBUG: InjectDllViaIAT: Successfully patched IAT.
2023-05-17 08:30:28,515 [root] DEBUG: Successfully injected DLL C:\tmpq8s1d_36\dll\ZGohwll.dll.
2023-05-17 08:30:28,515 [lib.api.process] INFO: Injected into suspended 32-bit process with pid 2872
2023-05-17 01:30:34,675 [lib.api.process] INFO: Successfully resumed process with pid 2872
2023-05-17 01:30:56,394 [root] DEBUG: DLL loaded at 0x6DEE0000: C:\Windows\system32\dssenh (0x27000 bytes).
2023-05-17 01:30:56,425 [root] DEBUG: DLL loaded at 0x74A80000: C:\Windows\system32\GPAPI (0x16000 bytes).
2023-05-17 01:30:56,550 [root] DEBUG: TLS 1.2 secrets logged to: C:\ZQjcgyasH\tlsdump\tlsdump.log
2023-05-17 01:33:55,535 [root] INFO: Analysis timeout hit, terminating analysis
2023-05-17 01:33:55,566 [lib.api.process] ERROR: Failed to open terminate event for pid 2872
2023-05-17 01:33:55,582 [root] INFO: Terminate event set for process 2872
2023-05-17 01:33:55,582 [root] INFO: Created shutdown mutex
2023-05-17 01:33:56,582 [root] INFO: Shutting down package
2023-05-17 01:33:56,597 [root] INFO: Stopping auxiliary modules
2023-05-17 01:33:56,613 [root] INFO: Stopping auxiliary module: Browser
2023-05-17 01:33:56,707 [root] INFO: Stopping auxiliary module: Curtain
2023-05-17 01:33:56,972 [lib.common.results] INFO: Uploading file C:\curtain.log to curtain/1684312436.9571252.curtain.log; Size is 36; Max size: 100000000
2023-05-17 01:33:57,035 [root] INFO: Stopping auxiliary module: Evtx
2023-05-17 01:33:57,050 [root] INFO: Stopping auxiliary module: FilePickup
2023-05-17 01:33:57,050 [root] INFO: Stopping auxiliary module: Human
2023-05-17 01:33:57,082 [root] INFO: Stopping auxiliary module: Pre_script
2023-05-17 01:33:57,082 [root] INFO: Stopping auxiliary module: Procmon
2023-05-17 01:33:57,082 [root] INFO: Stopping auxiliary module: Screenshots
2023-05-17 01:33:57,082 [root] INFO: Stopping auxiliary module: Sysmon
2023-05-17 01:33:57,082 [root] INFO: Stopping auxiliary module: Usage
2023-05-17 01:33:57,082 [root] INFO: Stopping auxiliary module: During_script
2023-05-17 01:33:57,082 [root] INFO: Finishing auxiliary modules
2023-05-17 01:33:57,082 [root] INFO: Shutting down pipe server and dumping dropped files
2023-05-17 01:33:57,113 [root] WARNING: Folder at path "C:\ZQjcgyasH\debugger" does not exist, skipping
2023-05-17 01:33:57,113 [root] INFO: Uploading files at path "C:\ZQjcgyasH\tlsdump"
2023-05-17 01:33:57,128 [lib.common.results] INFO: Uploading file C:\ZQjcgyasH\tlsdump\tlsdump.log to tlsdump\tlsdump.log; Size is 548; Max size: 100000000
2023-05-17 01:33:57,160 [root] INFO: Analysis completed
